\BOOKMARK [0][-]{chapter.1}{\376\377\170\024\172\166\200\314\146\157}{}% 1
\BOOKMARK [1][-]{section.1.1}{\376\377\142\227\123\237\142\227\117\123\166\204\166\370\116\222\117\134\165\050}{chapter.1}% 2
\BOOKMARK [1][-]{section.1.2}{\376\377\142\227\123\237\142\227\117\123\166\370\116\222\117\134\165\050\170\024\172\166\163\260\162\266}{chapter.1}% 3
\BOOKMARK [1][-]{section.1.3}{\376\377\116\262\124\214\122\233\230\204\155\113}{chapter.1}% 4
\BOOKMARK [1][-]{section.1.4}{\376\377\147\054\213\272\145\207\166\204\116\073\211\201\121\205\133\271}{chapter.1}% 5
\BOOKMARK [2][-]{subsection.1.4.1}{\376\377\145\160\143\156\166\204\143\320\123\326}{section.1.4}% 6
\BOOKMARK [2][-]{subsection.1.4.2}{\376\377\000R\000B\000F\000N\152\041\127\213\166\204\147\204\136\372}{section.1.4}% 7
\BOOKMARK [2][-]{subsection.1.4.3}{\376\377\000R\000B\000F\000N\152\041\127\213\166\204\136\224\165\050}{section.1.4}% 8
\BOOKMARK [2][-]{subsection.1.4.4}{\376\377\116\000\116\052\145\260\166\204\000R\000B\000F\000N\000\040\116\055\137\303\377\010\000c\000e\000n\000t\000e\000r\377\011\166\204\220\011\123\326\145\271\154\325}{section.1.4}% 9
\BOOKMARK [2][-]{subsection.1.4.5}{\376\377\213\250\213\272}{section.1.4}% 10
\BOOKMARK [0][-]{chapter.2}{\376\377\153\143\145\207\210\114\145\207}{}% 11
\BOOKMARK [1][-]{section.2.1}{\376\377\145\207\172\340\150\007\230\230}{chapter.2}% 12
\BOOKMARK [1][-]{section.2.2}{\376\377\172\340\150\007\230\230}{chapter.2}% 13
\BOOKMARK [1][-]{section.2.3}{\376\377\202\202\150\007\230\230}{chapter.2}% 14
\BOOKMARK [1][-]{section.2.4}{\376\377\133\120\202\202\150\007\230\230}{chapter.2}% 15
\BOOKMARK [1][-]{section.2.5}{\376\377\153\143\145\207}{chapter.2}% 16
\BOOKMARK [1][-]{section.2.6}{\376\377\172\340\202\202}{chapter.2}% 17
\BOOKMARK [0][-]{chapter.3}{\376\377\121\154\137\017\143\222\162\110}{}% 18
\BOOKMARK [1][-]{section.3.1}{\376\377\210\114\121\205\121\154\137\017}{chapter.3}% 19
\BOOKMARK [1][-]{section.3.2}{\376\377\210\114\225\364\121\154\137\017}{chapter.3}% 20
\BOOKMARK [0][-]{chapter.4}{\376\377\210\150\150\074\124\214\126\376\162\107}{}% 21
\BOOKMARK [0][-]{chapter.5}{\376\377\133\232\164\006\163\257\130\203}{}% 22
\BOOKMARK [1][-]{section.5.1}{\376\377\230\230\131\064}{chapter.5}% 23
\BOOKMARK [1][-]{section.5.2}{\376\377\124\014\172\340\123\346\116\000\202\202\166\204\230\230\131\064}{chapter.5}% 24
\BOOKMARK [0][-]{chapter.6}{\376\377\123\302\200\003\145\207\163\056\166\204\121\231\154\325}{}% 25
