This is pdfTeX, Version 3.14159265-2.6-1.40.20 (MiKTeX 2.9.7200 64-bit) (preloaded format=pdflatex 2019.10.30)  20 MAY 2020 22:01
entering extended mode
**./Liu_Chuanxing_Thesis.tex
(Liu_Chuanxing_Thesis.tex
LaTeX2e <2019-10-01> patch level 1
("C:\Users\leo\AppData\Local\Programs\MiKTeX 2.9\tex/latex/ctex\ctexrep.cls"
("C:\Users\leo\AppData\Local\Programs\MiKTeX 2.9\tex/latex/l3kernel\expl3.sty"
Package: expl3 2019-10-27 L3 programming layer (loader) 

("C:\Users\leo\AppData\Local\Programs\MiKTeX 2.9\tex/latex/l3kernel\expl3-code.
tex"
Package: expl3 2019-10-27 L3 programming layer (code)
\c_max_int=\count80
\l_tmpa_int=\count81
\l_tmpb_int=\count82
\g_tmpa_int=\count83
\g_tmpb_int=\count84
\l__seq_internal_a_int=\count85
\l__seq_internal_b_int=\count86
\g__kernel_prg_map_int=\count87
\c__ior_term_noprompt_ior=\count88
\c_log_iow=\count89
\l_iow_line_count_int=\count90
\l__iow_line_target_int=\count91
\l__iow_one_indent_int=\count92
\l__iow_indent_int=\count93
\c_zero_dim=\dimen102
\c_max_dim=\dimen103
\l_tmpa_dim=\dimen104
\l_tmpb_dim=\dimen105
\g_tmpa_dim=\dimen106
\g_tmpb_dim=\dimen107
\c_zero_skip=\skip41
\c_max_skip=\skip42
\l_tmpa_skip=\skip43
\l_tmpb_skip=\skip44
\g_tmpa_skip=\skip45
\g_tmpb_skip=\skip46
\c_zero_muskip=\muskip10
\c_max_muskip=\muskip11
\l_tmpa_muskip=\muskip12
\l_tmpb_muskip=\muskip13
\g_tmpa_muskip=\muskip14
\g_tmpb_muskip=\muskip15
\l_keys_choice_int=\count94
\l__intarray_loop_int=\count95
\c__intarray_sp_dim=\dimen108
\g__intarray_font_int=\count96
\c__fp_leading_shift_int=\count97
\c__fp_middle_shift_int=\count98
\c__fp_trailing_shift_int=\count99
\c__fp_big_leading_shift_int=\count100
\c__fp_big_middle_shift_int=\count101
\c__fp_big_trailing_shift_int=\count102
\c__fp_Bigg_leading_shift_int=\count103
\c__fp_Bigg_middle_shift_int=\count104
\c__fp_Bigg_trailing_shift_int=\count105
\c__kernel_randint_max_int=\count106
\g__fp_array_int=\count107
\l__fp_array_loop_int=\count108
\l__sort_length_int=\count109
\l__sort_min_int=\count110
\l__sort_top_int=\count111
\l__sort_max_int=\count112
\l__sort_true_max_int=\count113
\l__sort_block_int=\count114
\l__sort_begin_int=\count115
\l__sort_end_int=\count116
\l__sort_A_int=\count117
\l__sort_B_int=\count118
\l__sort_C_int=\count119
\l__str_internal_int=\count120
\c__str_replacement_char_int=\count121
\l__tl_analysis_normal_int=\count122
\l__tl_analysis_index_int=\count123
\l__tl_analysis_nesting_int=\count124
\l__tl_analysis_type_int=\count125
\l__regex_internal_a_int=\count126
\l__regex_internal_b_int=\count127
\l__regex_internal_c_int=\count128
\l__regex_balance_int=\count129
\l__regex_group_level_int=\count130
\l__regex_mode_int=\count131
\c__regex_cs_in_class_mode_int=\count132
\c__regex_cs_mode_int=\count133
\l__regex_catcodes_int=\count134
\l__regex_default_catcodes_int=\count135
\c__regex_catcode_D_int=\count136
\c__regex_catcode_S_int=\count137
\c__regex_catcode_L_int=\count138
\c__regex_catcode_O_int=\count139
\c__regex_catcode_A_int=\count140
\c__regex_all_catcodes_int=\count141
\l__regex_show_lines_int=\count142
\l__regex_min_state_int=\count143
\l__regex_max_state_int=\count144
\l__regex_left_state_int=\count145
\l__regex_right_state_int=\count146
\l__regex_capturing_group_int=\count147
\l__regex_min_pos_int=\count148
\l__regex_max_pos_int=\count149
\l__regex_curr_pos_int=\count150
\l__regex_start_pos_int=\count151
\l__regex_success_pos_int=\count152
\l__regex_curr_char_int=\count153
\l__regex_curr_catcode_int=\count154
\l__regex_last_char_int=\count155
\l__regex_case_changed_char_int=\count156
\l__regex_curr_state_int=\count157
\l__regex_step_int=\count158
\l__regex_min_active_int=\count159
\l__regex_max_active_int=\count160
\l__regex_replacement_csnames_int=\count161
\l__regex_match_count_int=\count162
\l__regex_min_submatch_int=\count163
\l__regex_submatch_int=\count164
\l__regex_zeroth_submatch_int=\count165
\g__regex_trace_regex_int=\count166
\c_empty_box=\box27
\l_tmpa_box=\box28
\l_tmpb_box=\box29
\g_tmpa_box=\box30
\g_tmpb_box=\box31
\l__box_top_dim=\dimen109
\l__box_bottom_dim=\dimen110
\l__box_left_dim=\dimen111
\l__box_right_dim=\dimen112
\l__box_top_new_dim=\dimen113
\l__box_bottom_new_dim=\dimen114
\l__box_left_new_dim=\dimen115
\l__box_right_new_dim=\dimen116
\l__box_internal_box=\box32
\l__coffin_internal_box=\box33
\l__coffin_internal_dim=\dimen117
\l__coffin_offset_x_dim=\dimen118
\l__coffin_offset_y_dim=\dimen119
\l__coffin_x_dim=\dimen120
\l__coffin_y_dim=\dimen121
\l__coffin_x_prime_dim=\dimen122
\l__coffin_y_prime_dim=\dimen123
\c_empty_coffin=\box34
\l__coffin_aligned_coffin=\box35
\l__coffin_aligned_internal_coffin=\box36
\l_tmpa_coffin=\box37
\l_tmpb_coffin=\box38
\g_tmpa_coffin=\box39
\g_tmpb_coffin=\box40
\l__coffin_bounding_shift_dim=\dimen124
\l__coffin_left_corner_dim=\dimen125
\l__coffin_right_corner_dim=\dimen126
\l__coffin_bottom_corner_dim=\dimen127
\l__coffin_top_corner_dim=\dimen128
\l__coffin_scaled_total_height_dim=\dimen129
\l__coffin_scaled_width_dim=\dimen130
\c__coffin_empty_coffin=\box41
\l__coffin_display_coffin=\box42
\l__coffin_display_coord_coffin=\box43
\l__coffin_display_pole_coffin=\box44
\l__coffin_display_offset_dim=\dimen131
\l__coffin_display_x_dim=\dimen132
\l__coffin_display_y_dim=\dimen133
\g__char_data_ior=\read1

("C:\Users\leo\AppData\Local\Programs\MiKTeX 2.9\tex/latex/l3kernel\l3deprecati
on.def"
File: l3deprecation.def 2019-04-06 v L3 Deprecated functions
))
("C:\Users\leo\AppData\Local\Programs\MiKTeX 2.9\tex/latex/l3backend\l3backend-
pdfmode.def"
File: l3backend-pdfmode.def 2019-04-06 L3 backend support: PDF mode
\l__kernel_color_stack_int=\count167
\l__pdf_internal_box=\box45
))
Document Class: ctexrep 2019/05/29 v2.4.16 Chinese adapter for class report (CT
EX)

("C:\Users\leo\AppData\Local\Programs\MiKTeX 2.9\tex/latex/l3packages/xparse\xp
arse.sty"
Package: xparse 2019-10-11 L3 Experimental document command parser
\l__xparse_current_arg_int=\count168
\g__xparse_grabber_int=\count169
\l__xparse_m_args_int=\count170
\l__xparse_v_nesting_int=\count171
)
("C:\Users\leo\AppData\Local\Programs\MiKTeX 2.9\tex/latex/l3packages/l3keys2e\
l3keys2e.sty"
Package: l3keys2e 2019-10-11 LaTeX2e option processing using LaTeX3 keys
)
("C:\Users\leo\AppData\Local\Programs\MiKTeX 2.9\tex/latex/ctex\ctexhook.sty"
Package: ctexhook 2019/05/29 v2.4.16 Document and package hooks (CTEX)
)
("C:\Users\leo\AppData\Local\Programs\MiKTeX 2.9\tex/latex/ctex\ctexpatch.sty"
Package: ctexpatch 2019/05/29 v2.4.16 Patching commands (CTEX)
) ("C:\Users\leo\AppData\Local\Programs\MiKTeX 2.9\tex/latex/base\fix-cm.sty"
Package: fix-cm 2015/01/14 v1.1t fixes to LaTeX

("C:\Users\leo\AppData\Local\Programs\MiKTeX 2.9\tex/latex/base\ts1enc.def"
File: ts1enc.def 2001/06/05 v3.0e (jk/car/fm) Standard LaTeX file
Now handling font encoding TS1 ...
... processing UTF-8 mapping file for font encoding TS1

("C:\Users\leo\AppData\Local\Programs\MiKTeX 2.9\tex/latex/base\ts1enc.dfu"
File: ts1enc.dfu 2019/07/11 v1.2j UTF-8 support for inputenc
   defining Unicode char U+00A2 (decimal 162)
   defining Unicode char U+00A3 (decimal 163)
   defining Unicode char U+00A4 (decimal 164)
   defining Unicode char U+00A5 (decimal 165)
   defining Unicode char U+00A6 (decimal 166)
   defining Unicode char U+00A7 (decimal 167)
   defining Unicode char U+00A8 (decimal 168)
   defining Unicode char U+00A9 (decimal 169)
   defining Unicode char U+00AA (decimal 170)
   defining Unicode char U+00AC (decimal 172)
   defining Unicode char U+00AE (decimal 174)
   defining Unicode char U+00AF (decimal 175)
   defining Unicode char U+00B0 (decimal 176)
   defining Unicode char U+00B1 (decimal 177)
   defining Unicode char U+00B2 (decimal 178)
   defining Unicode char U+00B3 (decimal 179)
   defining Unicode char U+00B4 (decimal 180)
   defining Unicode char U+00B5 (decimal 181)
   defining Unicode char U+00B6 (decimal 182)
   defining Unicode char U+00B7 (decimal 183)
   defining Unicode char U+00B9 (decimal 185)
   defining Unicode char U+00BA (decimal 186)
   defining Unicode char U+00BC (decimal 188)
   defining Unicode char U+00BD (decimal 189)
   defining Unicode char U+00BE (decimal 190)
   defining Unicode char U+00D7 (decimal 215)
   defining Unicode char U+00F7 (decimal 247)
   defining Unicode char U+0192 (decimal 402)
   defining Unicode char U+02C7 (decimal 711)
   defining Unicode char U+02D8 (decimal 728)
   defining Unicode char U+02DD (decimal 733)
   defining Unicode char U+0E3F (decimal 3647)
   defining Unicode char U+2016 (decimal 8214)
   defining Unicode char U+2020 (decimal 8224)
   defining Unicode char U+2021 (decimal 8225)
   defining Unicode char U+2022 (decimal 8226)
   defining Unicode char U+2030 (decimal 8240)
   defining Unicode char U+2031 (decimal 8241)
   defining Unicode char U+203B (decimal 8251)
   defining Unicode char U+203D (decimal 8253)
   defining Unicode char U+2044 (decimal 8260)
   defining Unicode char U+204E (decimal 8270)
   defining Unicode char U+2052 (decimal 8274)
   defining Unicode char U+20A1 (decimal 8353)
   defining Unicode char U+20A4 (decimal 8356)
   defining Unicode char U+20A6 (decimal 8358)
   defining Unicode char U+20A9 (decimal 8361)
   defining Unicode char U+20AB (decimal 8363)
   defining Unicode char U+20AC (decimal 8364)
   defining Unicode char U+20B1 (decimal 8369)
   defining Unicode char U+2103 (decimal 8451)
   defining Unicode char U+2116 (decimal 8470)
   defining Unicode char U+2117 (decimal 8471)
   defining Unicode char U+211E (decimal 8478)
   defining Unicode char U+2120 (decimal 8480)
   defining Unicode char U+2122 (decimal 8482)
   defining Unicode char U+2126 (decimal 8486)
   defining Unicode char U+2127 (decimal 8487)
   defining Unicode char U+212E (decimal 8494)
   defining Unicode char U+2190 (decimal 8592)
   defining Unicode char U+2191 (decimal 8593)
   defining Unicode char U+2192 (decimal 8594)
   defining Unicode char U+2193 (decimal 8595)
   defining Unicode char U+2329 (decimal 9001)
   defining Unicode char U+232A (decimal 9002)
   defining Unicode char U+2422 (decimal 9250)
   defining Unicode char U+25E6 (decimal 9702)
   defining Unicode char U+25EF (decimal 9711)
   defining Unicode char U+266A (decimal 9834)
   defining Unicode char U+27E8 (decimal 10216)
   defining Unicode char U+27E9 (decimal 10217)
   defining Unicode char U+FEFF (decimal 65279)
)))
("C:\Users\leo\AppData\Local\Programs\MiKTeX 2.9\tex/latex/ms\everysel.sty"
Package: everysel 2011/10/28 v1.2 EverySelectfont Package (MS)
)
\l__ctex_tmp_int=\count172
\l__ctex_tmp_box=\box46
\l__ctex_tmp_dim=\dimen134
\g__ctex_section_depth_int=\count173
\g__ctex_font_size_int=\count174

("C:\Users\leo\AppData\Local\Programs\MiKTeX 2.9\tex/latex/ctex/config\ctexopts
.cfg"
File: ctexopts.cfg 2019/05/29 v2.4.16 Option configuration file (CTEX)
)

Package ctex Warning: Option `cs4size' is deprecated.
(ctex)                Option `zihao=-4' is set.

("C:\Users\leo\AppData\Local\Programs\MiKTeX 2.9\tex/latex/base\report.cls"
Document Class: report 2019/08/27 v1.4j Standard LaTeX document class
("C:\Users\leo\AppData\Local\Programs\MiKTeX 2.9\tex/latex/base\size12.clo"
File: size12.clo 2019/08/27 v1.4j Standard LaTeX file (size option)
)
\c@part=\count175
\c@chapter=\count176
\c@section=\count177
\c@subsection=\count178
\c@subsubsection=\count179
\c@paragraph=\count180
\c@subparagraph=\count181
\c@figure=\count182
\c@table=\count183
\abovecaptionskip=\skip47
\belowcaptionskip=\skip48
\bibindent=\dimen135
)
("C:\Users\leo\AppData\Local\Programs\MiKTeX 2.9\tex/latex/ctex/engine\ctex-eng
ine-pdftex.def"
File: ctex-engine-pdftex.def 2019/05/29 v2.4.16 (pdf)LaTeX adapter (CTEX)

("C:\Users\leo\AppData\Local\Programs\MiKTeX 2.9\tex/latex/cjk\CJK.sty"
Package: CJK 2015/04/18 4.8.4

("C:\Users\leo\AppData\Local\Programs\MiKTeX 2.9\tex/latex/cjk/mule\MULEenc.sty
"
Package: MULEenc 2015/04/18 4.8.4
) ("C:\Users\leo\AppData\Local\Programs\MiKTeX 2.9\tex/latex/cjk\CJK.enc"
File: CJK.enc 2015/04/18 4.8.4
Now handling font encoding C00 ...
... no UTF-8 mapping file for font encoding C00
Now handling font encoding C05 ...
... no UTF-8 mapping file for font encoding C05
Now handling font encoding C09 ...
... no UTF-8 mapping file for font encoding C09
Now handling font encoding C10 ...
... no UTF-8 mapping file for font encoding C10
Now handling font encoding C20 ...
... no UTF-8 mapping file for font encoding C20
Now handling font encoding C19 ...
... no UTF-8 mapping file for font encoding C19
Now handling font encoding C40 ...
... no UTF-8 mapping file for font encoding C40
Now handling font encoding C42 ...
... no UTF-8 mapping file for font encoding C42
Now handling font encoding C43 ...
... no UTF-8 mapping file for font encoding C43
Now handling font encoding C50 ...
... no UTF-8 mapping file for font encoding C50
Now handling font encoding C52 ...
... no UTF-8 mapping file for font encoding C52
Now handling font encoding C49 ...
... no UTF-8 mapping file for font encoding C49
Now handling font encoding C60 ...
... no UTF-8 mapping file for font encoding C60
Now handling font encoding C61 ...
... no UTF-8 mapping file for font encoding C61
Now handling font encoding C63 ...
... no UTF-8 mapping file for font encoding C63
Now handling font encoding C64 ...
... no UTF-8 mapping file for font encoding C64
Now handling font encoding C65 ...
... no UTF-8 mapping file for font encoding C65
Now handling font encoding C70 ...
... no UTF-8 mapping file for font encoding C70
Now handling font encoding C31 ...
... no UTF-8 mapping file for font encoding C31
Now handling font encoding C32 ...
... no UTF-8 mapping file for font encoding C32
Now handling font encoding C33 ...
... no UTF-8 mapping file for font encoding C33
Now handling font encoding C34 ...
... no UTF-8 mapping file for font encoding C34
Now handling font encoding C35 ...
... no UTF-8 mapping file for font encoding C35
Now handling font encoding C36 ...
... no UTF-8 mapping file for font encoding C36
Now handling font encoding C37 ...
... no UTF-8 mapping file for font encoding C37
Now handling font encoding C80 ...
... no UTF-8 mapping file for font encoding C80
Now handling font encoding C81 ...
... no UTF-8 mapping file for font encoding C81
Now handling font encoding C01 ...
... no UTF-8 mapping file for font encoding C01
Now handling font encoding C11 ...
... no UTF-8 mapping file for font encoding C11
Now handling font encoding C21 ...
... no UTF-8 mapping file for font encoding C21
Now handling font encoding C41 ...
... no UTF-8 mapping file for font encoding C41
Now handling font encoding C62 ...
... no UTF-8 mapping file for font encoding C62
)
LaTeX Info: Redefining \selectfont on input line 755.
\CJK@indent=\box47
)
("C:\Users\leo\AppData\Local\Programs\MiKTeX 2.9\tex/latex/cjkpunct\CJKpunct.st
y"
Package: CJKpunct 2016/05/14 4.8.4
\CJKpunct@cnta=\count184
\CJKpunct@cntb=\count185
\CJKpunct@cntc=\count186
\CJKpunct@cntd=\count187
\CJKpunct@cnte=\count188
   defining Unicode char U+2018 (decimal 8216)
   defining Unicode char U+2019 (decimal 8217)
   defining Unicode char U+201C (decimal 8220)
   defining Unicode char U+201D (decimal 8221)
   defining Unicode char U+2014 (decimal 8212)
   defining Unicode char U+2026 (decimal 8230)

("C:\Users\leo\AppData\Local\Programs\MiKTeX 2.9\tex/latex/cjkpunct\CJKpunct.sp
a")) ("C:\Users\leo\AppData\Local\Programs\MiKTeX 2.9\tex/latex/cjk\CJKspace.st
y"
Package: CJKspace 2015/04/18 3.8.0
) ("C:\Users\leo\AppData\Local\Programs\MiKTeX 2.9\tex/latex/cjk\standard.bdg"
File: standard.bdg 2015/04/18 4.8.4
) ("C:\Users\leo\AppData\Local\Programs\MiKTeX 2.9\tex/latex/ctex\ctexspa.def"
File: ctexspa.def 2019/05/29 v2.4.16 Space info for CJKpunct (CTEX)
) ("C:\Users\leo\AppData\Local\Programs\MiKTeX 2.9\tex/latex/cjk\CJKfntef.sty"
Package: CJKfntef 2015/04/18 4.8.4

("C:\Users\leo\AppData\Local\Programs\MiKTeX 2.9\tex/latex/cjk\CJKulem.sty"
Package: CJKulem 2015/04/18 4.8.4

("C:\Users\leo\AppData\Local\Programs\MiKTeX 2.9\tex/latex/ulem\ulem.sty"
\UL@box=\box48
\UL@hyphenbox=\box49
\UL@skip=\skip49
\UL@hook=\toks14
\UL@height=\dimen136
\UL@pe=\count189
\UL@pixel=\dimen137
\ULC@box=\box50
Package: ulem 2012/05/18
\ULdepth=\dimen138
)
\UL@lastkern=\dimen139
\CJK@skip=\skip50
)
\CJK@fntefSkip=\skip51
\CJK@nest=\count190
\CJK@fntefDimen=\dimen140
\CJK@underdotBox=\box51
\CJK@ULbox=\box52
\CJK@underanyskip=\dimen141
)
\ccwd=\dimen142
\l__ctex_ccglue_skip=\skip52
)
\l__ctex_ziju_dim=\dimen143

("C:\Users\leo\AppData\Local\Programs\MiKTeX 2.9\tex/latex/zhnumber\zhnumber.st
y"
Package: zhnumber 2019/04/07 v2.7 Typesetting numbers with Chinese glyphs
\l__zhnum_scale_int=\count191
\l__zhnum_byte_min_int=\count192
\l__zhnum_byte_max_int=\count193

("C:\Users\leo\AppData\Local\Programs\MiKTeX 2.9\tex/latex/zhnumber\zhnumber-gb
k.cfg"
File: zhnumber-gbk.cfg 2019/04/07 v2.7 Chinese numerals with GBK encoding
))
\l__ctex_heading_skip=\skip53

("C:\Users\leo\AppData\Local\Programs\MiKTeX 2.9\tex/latex/ctex/scheme\ctex-sch
eme-chinese-report.def"
File: ctex-scheme-chinese-report.def 2019/05/29 v2.4.16 Chinese scheme for repo
rt (CTEX)

("C:\Users\leo\AppData\Local\Programs\MiKTeX 2.9\tex/latex/ctex/config\ctex-nam
e-gbk.cfg"
File: ctex-name-gbk.cfg 2019/05/29 v2.4.16 Caption with encoding GBK (CTEX)
))
("C:\Users\leo\AppData\Local\Programs\MiKTeX 2.9\tex/latex/ctex\ctex-cs4size.cl
o"
File: ctex-cs4size.clo 2019/05/29 v2.4.16 cs4size option (CTEX)
)
("C:\Users\leo\AppData\Local\Programs\MiKTeX 2.9\tex/latex/ctex/fontset\ctex-fo
ntset-windows.def"
File: ctex-fontset-windows.def 2019/05/29 v2.4.16 Windows fonts definition (CTE
X)

("C:\Users\leo\AppData\Local\Programs\MiKTeX 2.9\tex/latex/ctex/fontset\ctex-fo
ntset-windowsnew.def"
File: ctex-fontset-windowsnew.def 2019/05/29 v2.4.16 Windows fonts definition f
or Vista or later version (CTEX)

("C:\Users\leo\AppData\Local\Programs\MiKTeX 2.9\tex/generic/ctex\zhwindowsfont
s.tex"
File: zhwindowsfonts.tex 2019/05/29 v2.4.16 Windows font map loader for pdfTeX 
and DVIPDFMx (CTEX)
{C:/Users/leo/AppData/Local/MiKTeX/2.9/pdftex/config/pdftex.map}{UGBK.sfd}{Unic
ode.sfd}))))
("C:\Users\leo\AppData\Local\Programs\MiKTeX 2.9\tex/latex/ctex/config\ctex.cfg
"
File: ctex.cfg 2019/05/29 v2.4.16 Configuration file (CTEX)
)
("C:\Users\leo\AppData\Local\Programs\MiKTeX 2.9\tex/latex/geometry\geometry.st
y"
Package: geometry 2018/04/16 v5.8 Page Geometry

("C:\Users\leo\AppData\Local\Programs\MiKTeX 2.9\tex/latex/graphics\keyval.sty"
Package: keyval 2014/10/28 v1.15 key=value parser (DPC)
\KV@toks@=\toks15
)
("C:\Users\leo\AppData\Local\Programs\MiKTeX 2.9\tex/generic/oberdiek\ifpdf.sty
"
Package: ifpdf 2018/09/07 v3.3 Provides the ifpdf switch
)
("C:\Users\leo\AppData\Local\Programs\MiKTeX 2.9\tex/generic/oberdiek\ifvtex.st
y"
Package: ifvtex 2016/05/16 v1.6 Detect VTeX and its facilities (HO)
Package ifvtex Info: VTeX not detected.
)
("C:\Users\leo\AppData\Local\Programs\MiKTeX 2.9\tex/generic/ifxetex\ifxetex.st
y"
Package: ifxetex 2010/09/12 v0.6 Provides ifxetex conditional
)
\Gm@cnth=\count194
\Gm@cntv=\count195
\c@Gm@tempcnt=\count196
\Gm@bindingoffset=\dimen144
\Gm@wd@mp=\dimen145
\Gm@odd@mp=\dimen146
\Gm@even@mp=\dimen147
\Gm@layoutwidth=\dimen148
\Gm@layoutheight=\dimen149
\Gm@layouthoffset=\dimen150
\Gm@layoutvoffset=\dimen151
\Gm@dimlist=\toks16

("C:\Users\leo\AppData\Local\Programs\MiKTeX 2.9\tex/latex/geometry\geometry.cf
g"))
("C:\Users\leo\AppData\Local\Programs\MiKTeX 2.9\tex/latex/amsmath\amsmath.sty"
Package: amsmath 2019/04/01 v2.17c AMS math features
\@mathmargin=\skip54
For additional information on amsmath, use the `?' option.
("C:\Users\leo\AppData\Local\Programs\MiKTeX 2.9\tex/latex/amsmath\amstext.sty"
Package: amstext 2000/06/29 v2.01 AMS text
("C:\Users\leo\AppData\Local\Programs\MiKTeX 2.9\tex/latex/amsmath\amsgen.sty"
File: amsgen.sty 1999/11/30 v2.0 generic functions
\@emptytoks=\toks17
\ex@=\dimen152
)) ("C:\Users\leo\AppData\Local\Programs\MiKTeX 2.9\tex/latex/amsmath\amsbsy.st
y"
Package: amsbsy 1999/11/29 v1.2d Bold Symbols
\pmbraise@=\dimen153
) ("C:\Users\leo\AppData\Local\Programs\MiKTeX 2.9\tex/latex/amsmath\amsopn.sty
"
Package: amsopn 2016/03/08 v2.02 operator names
)
\inf@bad=\count197
LaTeX Info: Redefining \frac on input line 227.
\uproot@=\count198
\leftroot@=\count199
LaTeX Info: Redefining \overline on input line 389.
\classnum@=\count266
\DOTSCASE@=\count267
LaTeX Info: Redefining \ldots on input line 486.
LaTeX Info: Redefining \dots on input line 489.
LaTeX Info: Redefining \cdots on input line 610.
\Mathstrutbox@=\box53
\strutbox@=\box54
\big@size=\dimen154
LaTeX Font Info:    Redeclaring font encoding OML on input line 733.
LaTeX Font Info:    Redeclaring font encoding OMS on input line 734.
\macc@depth=\count268
\c@MaxMatrixCols=\count269
\dotsspace@=\muskip16
\c@parentequation=\count270
\dspbrk@lvl=\count271
\tag@help=\toks18
\row@=\count272
\column@=\count273
\maxfields@=\count274
\andhelp@=\toks19
\eqnshift@=\dimen155
\alignsep@=\dimen156
\tagshift@=\dimen157
\tagwidth@=\dimen158
\totwidth@=\dimen159
\lineht@=\dimen160
\@envbody=\toks20
\multlinegap=\skip55
\multlinetaggap=\skip56
\mathdisplay@stack=\toks21
LaTeX Info: Redefining \[ on input line 2855.
LaTeX Info: Redefining \] on input line 2856.
)
("C:\Users\leo\AppData\Local\Programs\MiKTeX 2.9\tex/latex/amsfonts\amssymb.sty
"
Package: amssymb 2013/01/14 v3.01 AMS font symbols

("C:\Users\leo\AppData\Local\Programs\MiKTeX 2.9\tex/latex/amsfonts\amsfonts.st
y"
Package: amsfonts 2013/01/14 v3.01 Basic AMSFonts support
\symAMSa=\mathgroup4
\symAMSb=\mathgroup5
LaTeX Font Info:    Redeclaring math symbol \hbar on input line 98.
LaTeX Font Info:    Overwriting math alphabet `\mathfrak' in version `bold'
(Font)                  U/euf/m/n --> U/euf/b/n on input line 106.
))
("C:\Users\leo\AppData\Local\Programs\MiKTeX 2.9\tex/latex/amscls\amsthm.sty"
Package: amsthm 2017/10/31 v2.20.4
\thm@style=\toks22
\thm@bodyfont=\toks23
\thm@headfont=\toks24
\thm@notefont=\toks25
\thm@headpunct=\toks26
\thm@preskip=\skip57
\thm@postskip=\skip58
\thm@headsep=\skip59
\dth@everypar=\toks27
)
("C:\Users\leo\AppData\Local\Programs\MiKTeX 2.9\tex/latex/titlesec\titlesec.st
y"
Package: titlesec 2019/10/16 v2.13 Sectioning titles
\ttl@box=\box55
\beforetitleunit=\skip60
\aftertitleunit=\skip61
\ttl@plus=\dimen161
\ttl@minus=\dimen162
\ttl@toksa=\toks28
\titlewidth=\dimen163
\titlewidthlast=\dimen164
\titlewidthfirst=\dimen165
)
("C:\Users\leo\AppData\Local\Programs\MiKTeX 2.9\tex/latex/fancyhdr\fancyhdr.st
y"
Package: fancyhdr 2019/01/31 v3.10 Extensive control of page headers and footer
s
\f@nch@headwidth=\skip62
\f@nch@O@elh=\skip63
\f@nch@O@erh=\skip64
\f@nch@O@olh=\skip65
\f@nch@O@orh=\skip66
\f@nch@O@elf=\skip67
\f@nch@O@erf=\skip68
\f@nch@O@olf=\skip69
\f@nch@O@orf=\skip70
)
("C:\Users\leo\AppData\Local\Programs\MiKTeX 2.9\tex/latex/graphics\graphicx.st
y"
Package: graphicx 2017/06/01 v1.1a Enhanced LaTeX Graphics (DPC,SPQR)

("C:\Users\leo\AppData\Local\Programs\MiKTeX 2.9\tex/latex/graphics\graphics.st
y"
Package: graphics 2019/10/08 v1.3c Standard LaTeX Graphics (DPC,SPQR)
 ("C:\Users\leo\AppData\Local\Programs\MiKTeX 2.9\tex/latex/graphics\trig.sty"
Package: trig 2016/01/03 v1.10 sin cos tan (DPC)
)
("C:\Users\leo\AppData\Local\Programs\MiKTeX 2.9\tex/latex/graphics-cfg\graphic
s.cfg"
File: graphics.cfg 2016/06/04 v1.11 sample graphics configuration
)
Package graphics Info: Driver file: pdftex.def on input line 105.

("C:\Users\leo\AppData\Local\Programs\MiKTeX 2.9\tex/latex/graphics-def\pdftex.
def"
File: pdftex.def 2018/01/08 v1.0l Graphics/color driver for pdftex
))
\Gin@req@height=\dimen166
\Gin@req@width=\dimen167
)
("C:\Users\leo\AppData\Local\Programs\MiKTeX 2.9\tex/latex/float\float.sty"
Package: float 2001/11/08 v1.3d Float enhancements (AL)
\c@float@type=\count275
\float@exts=\toks29
\float@box=\box56
\@float@everytoks=\toks30
\@floatcapt=\box57
)
("C:\Users\leo\AppData\Local\Programs\MiKTeX 2.9\tex/latex/caption\caption.sty"
Package: caption 2019/09/01 v3.3d Customizing captions (AR)
("C:\Users\leo\AppData\Local\Programs\MiKTeX 2.9\tex/latex/caption\caption3.sty
"
Package: caption3 2019/09/01 v1.8d caption3 kernel (AR)
Package caption3 Info: TeX engine: e-TeX on input line 64.
\captionmargin=\dimen168
\captionmargin@=\dimen169
\captionwidth=\dimen170
\caption@tempdima=\dimen171
\caption@indent=\dimen172
\caption@parindent=\dimen173
\caption@hangindent=\dimen174
)
\c@caption@flags=\count276
\c@ContinuedFloat=\count277
Package caption Info: float package is loaded.
)
("C:\Users\leo\AppData\Local\Programs\MiKTeX 2.9\tex/latex/multirow\multirow.st
y"
Package: multirow 2019/05/31 v2.5 Span multiple rows of a table
\multirow@colwidth=\skip71
\multirow@cntb=\count278
\multirow@dima=\skip72
\bigstrutjot=\dimen175
)
("C:\Users\leo\AppData\Local\Programs\MiKTeX 2.9\tex/latex/graphics\rotating.st
y"
Package: rotating 2016/08/11 v2.16d rotated objects in LaTeX
 ("C:\Users\leo\AppData\Local\Programs\MiKTeX 2.9\tex/latex/base\ifthen.sty"
Package: ifthen 2014/09/29 v1.1c Standard LaTeX ifthen package (DPC)
)
\c@r@tfl@t=\count279
\rotFPtop=\skip73
\rotFPbot=\skip74
\rot@float@box=\box58
\rot@mess@toks=\toks31
) ("C:\Users\leo\AppData\Local\Programs\MiKTeX 2.9\tex/latex/tools\hhline.sty"
Package: hhline 2014/10/28 v2.03 Table rule package (DPC)
)
("C:\Users\leo\AppData\Local\Programs\MiKTeX 2.9\tex/latex/threeparttable\three
parttable.sty"
Package: threeparttable 2003/06/13  v 3.0
\@tempboxb=\box59
)
("C:\Users\leo\AppData\Local\Programs\MiKTeX 2.9\tex/latex/enumitem\enumitem.st
y"
Package: enumitem 2019/06/20 v3.9 Customized lists
\labelindent=\skip75
\enit@outerparindent=\dimen176
\enit@toks=\toks32
\enit@inbox=\box60
\enit@count@id=\count280
\enitdp@description=\count281
)
("C:\Users\leo\AppData\Local\Programs\MiKTeX 2.9\tex/latex/siunitx\siunitx.sty"
Package: siunitx 2019/10/10 v2.7t A comprehensive (SI) units package
("C:\Users\leo\AppData\Local\Programs\MiKTeX 2.9\tex/latex/tools\array.sty"
Package: array 2019/08/31 v2.4l Tabular extension package (FMi)
\col@sep=\dimen177
\ar@mcellbox=\box61
\extrarowheight=\dimen178
\NC@list=\toks33
\extratabsurround=\skip76
\backup@length=\skip77
\ar@cellbox=\box62
)
\l__siunitx_tmp_box=\box63
\l__siunitx_tmp_dim=\dimen179
\l__siunitx_tmp_int=\count282
\l__siunitx_number_mantissa_length_int=\count283
\l__siunitx_number_uncert_length_int=\count284
\l__siunitx_round_int=\count285
\l__siunitx_process_decimal_int=\count286
\l__siunitx_process_uncertainty_int=\count287
\l__siunitx_process_fixed_int=\count288
\l__siunitx_process_integer_min_int=\count289
\l__siunitx_process_precision_int=\count290
\l__siunitx_group_min_int=\count291
\l__siunitx_angle_marker_box=\box64
\l__siunitx_angle_unit_box=\box65
\l__siunitx_angle_marker_dim=\dimen180
\l__siunitx_angle_unit_dim=\dimen181
\l__siunitx_unit_int=\count292
\l__siunitx_unit_denominator_int=\count293
\l__siunitx_unit_numerator_int=\count294
\l__siunitx_unit_prefix_int=\count295
\l__siunitx_unit_prefix_base_int=\count296
\l__siunitx_unit_prefix_gram_int=\count297
\l__siunitx_number_product_int=\count298
\c__siunitx_one_fill_skip=\skip78
\l__siunitx_table_unit_align_skip=\skip79
\l__siunitx_table_exponent_dim=\dimen182
\l__siunitx_table_integer_dim=\dimen183
\l__siunitx_table_mantissa_dim=\dimen184
\l__siunitx_table_marker_dim=\dimen185
\l__siunitx_table_result_dim=\dimen186
\l__siunitx_table_uncert_dim=\dimen187
\l__siunitx_table_fill_pre_dim=\dimen188
\l__siunitx_table_fill_post_dim=\dimen189
\l__siunitx_table_fill_mid_dim=\dimen190
\l__siunitx_table_pre_box=\box66
\l__siunitx_table_post_box=\box67
\l__siunitx_table_mantissa_box=\box68
\l__siunitx_table_result_box=\box69
\l__siunitx_table_number_align_skip=\skip80
\l__siunitx_table_text_align_skip=\skip81

("C:\Users\leo\AppData\Local\Programs\MiKTeX 2.9\tex/latex/translator\translato
r.sty"
Package: translator 2019-05-31 v1.12a Easy translation of strings in LaTeX
))
("C:\Users\leo\AppData\Local\Programs\MiKTeX 2.9\tex/latex/algorithmicx\algpseu
docode.sty"
Package: algpseudocode 

("C:\Users\leo\AppData\Local\Programs\MiKTeX 2.9\tex/latex/algorithmicx\algorit
hmicx.sty"
Package: algorithmicx 2005/04/27 v1.2 Algorithmicx

Document Style algorithmicx 1.2 - a greatly improved `algorithmic' style
\c@ALG@line=\count299
\c@ALG@rem=\count300
\c@ALG@nested=\count301
\ALG@tlm=\skip82
\ALG@thistlm=\skip83
\c@ALG@Lnr=\count302
\c@ALG@blocknr=\count303
\c@ALG@storecount=\count304
\c@ALG@tmpcounter=\count305
\ALG@tmplength=\skip84
)
Document Style - pseudocode environments for use with the `algorithmicx' style
)
("C:\Users\leo\AppData\Local\Programs\MiKTeX 2.9\tex/latex/algorithms\algorithm
.sty"
Package: algorithm 2009/08/24 v0.1 Document Style `algorithm' - floating enviro
nment
\@float@every@algorithm=\toks34
\c@algorithm=\count306
)
("C:\Users\leo\AppData\Local\Programs\MiKTeX 2.9\tex/latex/abstract\abstract.st
y"
Package: abstract 2009/06/08 v1.2a configurable abstracts
\abstitleskip=\skip85
\absleftindent=\skip86
\absrightindent=\skip87
\absparindent=\skip88
\absparsep=\skip89
)
("C:\Users\leo\AppData\Local\Programs\MiKTeX 2.9\tex/latex/hyperref\hyperref.st
y"
Package: hyperref 2019/09/28 v7.00a Hypertext links for LaTeX

("C:\Users\leo\AppData\Local\Programs\MiKTeX 2.9\tex/generic/oberdiek\hobsub-hy
perref.sty"
Package: hobsub-hyperref 2016/05/16 v1.14 Bundle oberdiek, subset hyperref (HO)


("C:\Users\leo\AppData\Local\Programs\MiKTeX 2.9\tex/generic/oberdiek\hobsub-ge
neric.sty"
Package: hobsub-generic 2016/05/16 v1.14 Bundle oberdiek, subset generic (HO)
Package: hobsub 2016/05/16 v1.14 Construct package bundles (HO)
Package: infwarerr 2016/05/16 v1.4 Providing info/warning/error messages (HO)
Package: ltxcmds 2016/05/16 v1.23 LaTeX kernel commands for general use (HO)
Package: ifluatex 2016/05/16 v1.4 Provides the ifluatex switch (HO)
Package ifluatex Info: LuaTeX not detected.
Package hobsub Info: Skipping package `ifvtex' (already loaded).
Package: intcalc 2016/05/16 v1.2 Expandable calculations with integers (HO)
Package hobsub Info: Skipping package `ifpdf' (already loaded).
Package: etexcmds 2016/05/16 v1.6 Avoid name clashes with e-TeX commands (HO)
Package: kvsetkeys 2016/05/16 v1.17 Key value parser (HO)
Package: kvdefinekeys 2016/05/16 v1.4 Define keys (HO)
Package: pdftexcmds 2019/07/25 v0.30 Utility functions of pdfTeX for LuaTeX (HO
)
Package pdftexcmds Info: LuaTeX not detected.
Package pdftexcmds Info: \pdf@primitive is available.
Package pdftexcmds Info: \pdf@ifprimitive is available.
Package pdftexcmds Info: \pdfdraftmode found.
Package: pdfescape 2016/05/16 v1.14 Implements pdfTeX's escape features (HO)
Package: bigintcalc 2016/05/16 v1.4 Expandable calculations on big integers (HO
)
Package: bitset 2016/05/16 v1.2 Handle bit-vector datatype (HO)
Package: uniquecounter 2016/05/16 v1.3 Provide unlimited unique counter (HO)
)
Package hobsub Info: Skipping package `hobsub' (already loaded).
Package: letltxmacro 2016/05/16 v1.5 Let assignment for LaTeX macros (HO)
Package: hopatch 2016/05/16 v1.3 Wrapper for package hooks (HO)
Package: xcolor-patch 2016/05/16 xcolor patch
Package: atveryend 2016/05/16 v1.9 Hooks at the very end of document (HO)
Package atveryend Info: \enddocument detected (standard20110627).
Package: atbegshi 2016/06/09 v1.18 At begin shipout hook (HO)
Package: refcount 2016/05/16 v3.5 Data extraction from label references (HO)
Package: hycolor 2016/05/16 v1.8 Color options for hyperref/bookmark (HO)
)
("C:\Users\leo\AppData\Local\Programs\MiKTeX 2.9\tex/latex/oberdiek\auxhook.sty
"
Package: auxhook 2016/05/16 v1.4 Hooks for auxiliary files (HO)
)
("C:\Users\leo\AppData\Local\Programs\MiKTeX 2.9\tex/latex/oberdiek\kvoptions.s
ty"
Package: kvoptions 2016/05/16 v3.12 Key value format for package options (HO)
)
\@linkdim=\dimen191
\Hy@linkcounter=\count307
\Hy@pagecounter=\count308

("C:\Users\leo\AppData\Local\Programs\MiKTeX 2.9\tex/latex/hyperref\pd1enc.def"
File: pd1enc.def 2019/09/28 v7.00a Hyperref: PDFDocEncoding definition (HO)
Now handling font encoding PD1 ...
... no UTF-8 mapping file for font encoding PD1
)
\Hy@SavedSpaceFactor=\count309

("C:\Users\leo\AppData\Local\Programs\MiKTeX 2.9\tex/latex/00miktex\hyperref.cf
g"
File: hyperref.cfg 2002/06/06 v1.2 hyperref configuration of TeXLive
)
Package hyperref Info: Option `CJKbookmarks' set `true' on input line 4414.
Package hyperref Info: Option `colorlinks' set `true' on input line 4414.
Package hyperref Info: Option `CJKbookmarks' set `true' on input line 4414.
Package hyperref Info: Hyper figures OFF on input line 4540.
Package hyperref Info: Link nesting OFF on input line 4545.
Package hyperref Info: Hyper index ON on input line 4548.
Package hyperref Info: Plain pages OFF on input line 4555.
Package hyperref Info: Backreferencing OFF on input line 4560.
Package hyperref Info: Implicit mode ON; LaTeX internals redefined.
Package hyperref Info: Bookmarks ON on input line 4793.
\c@Hy@tempcnt=\count310
 ("C:\Users\leo\AppData\Local\Programs\MiKTeX 2.9\tex/latex/url\url.sty"
\Urlmuskip=\muskip17
Package: url 2013/09/16  ver 3.4  Verb mode for urls, etc.
)
LaTeX Info: Redefining \url on input line 5152.
\XeTeXLinkMargin=\dimen192
\Fld@menulength=\count311
\Field@Width=\dimen193
\Fld@charsize=\dimen194
Package hyperref Info: Hyper figures OFF on input line 6423.
Package hyperref Info: Link nesting OFF on input line 6428.
Package hyperref Info: Hyper index ON on input line 6431.
Package hyperref Info: backreferencing OFF on input line 6438.
Package hyperref Info: Link coloring ON on input line 6441.
Package hyperref Info: Link coloring with OCG OFF on input line 6448.
Package hyperref Info: PDF/A mode OFF on input line 6453.
LaTeX Info: Redefining \ref on input line 6493.
LaTeX Info: Redefining \pageref on input line 6497.
\Hy@abspage=\count312
\c@Item=\count313
\c@Hfootnote=\count314
)
Package hyperref Info: Driver (autodetected): hpdftex.

("C:\Users\leo\AppData\Local\Programs\MiKTeX 2.9\tex/latex/hyperref\hpdftex.def
"
File: hpdftex.def 2019/09/28 v7.00a Hyperref driver for pdfTeX
\Fld@listcount=\count315
\c@bookmark@seq@number=\count316

("C:\Users\leo\AppData\Local\Programs\MiKTeX 2.9\tex/latex/oberdiek\rerunfilech
eck.sty"
Package: rerunfilecheck 2016/05/16 v1.8 Rerun checks for auxiliary files (HO)
Package uniquecounter Info: New unique counter `rerunfilecheck' on input line 2
82.
)
\Hy@SectionHShift=\skip90
)
("C:\Users\leo\AppData\Local\Programs\MiKTeX 2.9\tex/latex/xcjk2uni\xCJK2uni.st
y"
Package: xCJK2uni 2019/04/07 v0.8 Convert CJK character to Unicode.
\l__CJKtu_i_min_int=\count317
\l__CJKtu_i_max_int=\count318
\l__CJKtu_ii_min_int=\count319
\l__CJKtu_ii_max_int=\count320
\l__CJKtu_gap_begin_int=\count321
\l__CJKtu_gap_end_int=\count322
\l__CJKtu_plane_int=\count323
Package hyperref Info: Option `unicode' set `true' on input line 223.
 ("C:\Users\leo\AppData\Local\Programs\MiKTeX 2.9\tex/latex/hyperref\puenc.def"
File: puenc.def 2019/09/28 v7.00a Hyperref: PDF Unicode definition (HO)
Now handling font encoding PU ...
... no UTF-8 mapping file for font encoding PU
)
Package hyperref Info: Option `CJKbookmarks' set `false' on input line 223.

("C:\Users\leo\AppData\Local\Programs\MiKTeX 2.9\tex/latex/xcjk2uni\xCJK2uni-UG
BK.def"
File: xCJK2uni-UGBK.def 2019/04/07 v0.8 Convert CJK character to Unicode.
))
\c@definition=\count324
\c@remark=\count325


Package ctex Warning: Command \CTEXsetup is deprecated.
(ctex)                \ctexset { chapter = { nameformat={\zihao {3}\heiti
(ctex)                },titleformat={\zihao
(ctex)                {3}},beforeskip={0.8cm},afterskip={1.2cm} } } is set.


Package ctex Warning: Command \CTEXsetup is deprecated.
(ctex)                \ctexset { section = { nameformat={\zihao {4}\bfseries
(ctex)                },titleformat={\zihao
(ctex)                {4}},name={第~,~节},number={\arabic
(ctex)                {section}},beforeskip={0.4cm},afterskip={0.4cm} } } is
(ctex)                set.


Package ctex Warning: Command \CTEXsetup is deprecated.
(ctex)                \ctexset { subsection = { format={\zihao {-4}\bfseries
(ctex)                },titleformat={\zihao {-4}},number={\arabic
(ctex)                {section}.\arabic
(ctex)                {subsection}.},beforeskip={0.4cm},afterskip={0.4cm} } }
(ctex)                is set.


Package ctex Warning: Command \CTEXoptions is deprecated.
(ctex)                \ctexset { abstractname={摘要：} } is set.


Package ctex Warning: Command \CTEXoptions is deprecated.
(ctex)                \ctexset { bibname={\heiti 参考文献} } is set.

("C:\Users\leo\AppData\Local\Programs\MiKTeX 2.9\tex/latex/cjk\extended.enc"
File: extended.enc 2015/04/18 4.8.4
)
("C:\Users\leo\AppData\Local\Programs\MiKTeX 2.9\tex/latex/cjk\extended.chr"
File: extended.chr 2015/04/18 4.8.4
)
(Liu_Chuanxing_Thesis.aux

LaTeX Warning: Label `EpiPred' multiply defined.

)
\openout1 = `Liu_Chuanxing_Thesis.aux'.

LaTeX Font Info:    Checking defaults for OML/cmm/m/it on input line 138.
LaTeX Font Info:    ... okay on input line 138.
LaTeX Font Info:    Checking defaults for T1/cmr/m/n on input line 138.
LaTeX Font Info:    ... okay on input line 138.
LaTeX Font Info:    Checking defaults for OT1/cmr/m/n on input line 138.
LaTeX Font Info:    ... okay on input line 138.
LaTeX Font Info:    Checking defaults for OMS/cmsy/m/n on input line 138.
LaTeX Font Info:    ... okay on input line 138.
LaTeX Font Info:    Checking defaults for OMX/cmex/m/n on input line 138.
LaTeX Font Info:    ... okay on input line 138.
LaTeX Font Info:    Checking defaults for U/cmr/m/n on input line 138.
LaTeX Font Info:    ... okay on input line 138.
LaTeX Font Info:    Checking defaults for TS1/cmr/m/n on input line 138.
LaTeX Font Info:    ... okay on input line 138.
LaTeX Font Info:    Checking defaults for C00/song/m/n on input line 138.
LaTeX Font Info:    ... okay on input line 138.
LaTeX Font Info:    Checking defaults for C05/song/m/n on input line 138.
LaTeX Font Info:    ... okay on input line 138.
LaTeX Font Info:    Checking defaults for C09/song/m/n on input line 138.
LaTeX Font Info:    ... okay on input line 138.
LaTeX Font Info:    Checking defaults for C10/song/m/n on input line 138.
LaTeX Font Info:    ... okay on input line 138.
LaTeX Font Info:    Checking defaults for C20/song/m/n on input line 138.
LaTeX Font Info:    ... okay on input line 138.
LaTeX Font Info:    Checking defaults for C19/song/m/n on input line 138.
LaTeX Font Info:    ... okay on input line 138.
LaTeX Font Info:    Checking defaults for C40/song/m/n on input line 138.
LaTeX Font Info:    ... okay on input line 138.
LaTeX Font Info:    Checking defaults for C42/song/m/n on input line 138.
LaTeX Font Info:    ... okay on input line 138.
LaTeX Font Info:    Checking defaults for C43/song/m/n on input line 138.
LaTeX Font Info:    ... okay on input line 138.
LaTeX Font Info:    Checking defaults for C50/song/m/n on input line 138.
LaTeX Font Info:    ... okay on input line 138.
LaTeX Font Info:    Checking defaults for C52/song/m/n on input line 138.
LaTeX Font Info:    ... okay on input line 138.
LaTeX Font Info:    Checking defaults for C49/song/m/n on input line 138.
LaTeX Font Info:    ... okay on input line 138.
LaTeX Font Info:    Checking defaults for C60/mj/m/n on input line 138.
LaTeX Font Info:    ... okay on input line 138.
LaTeX Font Info:    Checking defaults for C61/mj/m/n on input line 138.
LaTeX Font Info:    ... okay on input line 138.
LaTeX Font Info:    Checking defaults for C63/mj/m/n on input line 138.
LaTeX Font Info:    ... okay on input line 138.
LaTeX Font Info:    Checking defaults for C64/mj/m/n on input line 138.
LaTeX Font Info:    ... okay on input line 138.
LaTeX Font Info:    Checking defaults for C65/mj/m/n on input line 138.
LaTeX Font Info:    ... okay on input line 138.
LaTeX Font Info:    Checking defaults for C70/song/m/n on input line 138.
LaTeX Font Info:    ... okay on input line 138.
LaTeX Font Info:    Checking defaults for C31/song/m/n on input line 138.
LaTeX Font Info:    ... okay on input line 138.
LaTeX Font Info:    Checking defaults for C32/song/m/n on input line 138.
LaTeX Font Info:    ... okay on input line 138.
LaTeX Font Info:    Checking defaults for C33/song/m/n on input line 138.
LaTeX Font Info:    ... okay on input line 138.
LaTeX Font Info:    Checking defaults for C34/song/m/n on input line 138.
LaTeX Font Info:    ... okay on input line 138.
LaTeX Font Info:    Checking defaults for C35/song/m/n on input line 138.
LaTeX Font Info:    ... okay on input line 138.
LaTeX Font Info:    Checking defaults for C36/song/m/n on input line 138.
LaTeX Font Info:    ... okay on input line 138.
LaTeX Font Info:    Checking defaults for C37/song/m/n on input line 138.
LaTeX Font Info:    ... okay on input line 138.
LaTeX Font Info:    Checking defaults for C80/song/m/n on input line 138.
LaTeX Font Info:    ... okay on input line 138.
LaTeX Font Info:    Checking defaults for C81/song/m/n on input line 138.
LaTeX Font Info:    ... okay on input line 138.
LaTeX Font Info:    Checking defaults for C01/song/m/n on input line 138.
LaTeX Font Info:    ... okay on input line 138.
LaTeX Font Info:    Checking defaults for C11/song/m/n on input line 138.
LaTeX Font Info:    ... okay on input line 138.
LaTeX Font Info:    Checking defaults for C21/song/m/n on input line 138.
LaTeX Font Info:    ... okay on input line 138.
LaTeX Font Info:    Checking defaults for C41/song/m/n on input line 138.
LaTeX Font Info:    ... okay on input line 138.
LaTeX Font Info:    Checking defaults for C62/song/m/n on input line 138.
LaTeX Font Info:    ... okay on input line 138.
LaTeX Font Info:    Checking defaults for PD1/pdf/m/n on input line 138.
LaTeX Font Info:    ... okay on input line 138.
LaTeX Font Info:    Checking defaults for PU/pdf/m/n on input line 138.
LaTeX Font Info:    ... okay on input line 138.
 ABD: EverySelectfont initializing macros
LaTeX Info: Redefining \selectfont on input line 138.

*geometry* driver: auto-detecting
*geometry* detected driver: pdftex
*geometry* verbose mode - [ preamble ] result:
* driver: pdftex
* paper: a4paper
* layout: <same size as paper>
* layoutoffset:(h,v)=(0.0pt,0.0pt)
* modes: 
* h-part:(L,W,R)=(72.2698pt, 452.96826pt, 72.2698pt)
* v-part:(T,H,B)=(90.19518pt, 664.6565pt, 90.19518pt)
* \paperwidth=597.50787pt
* \paperheight=845.04684pt
* \textwidth=452.96826pt
* \textheight=664.6565pt
* \oddsidemargin=-0.00018pt
* \evensidemargin=-0.00018pt
* \topmargin=-19.07481pt
* \headheight=12.0pt
* \headsep=25.0pt
* \topskip=12.0pt
* \footskip=30.0pt
* \marginparwidth=44.0pt
* \marginparsep=10.0pt
* \columnsep=10.0pt
* \skip\footins=10.8pt plus 4.0pt minus 2.0pt
* \hoffset=0.0pt
* \voffset=0.0pt
* \mag=1000
* \@twocolumnfalse
* \@twosidefalse
* \@mparswitchfalse
* \@reversemarginfalse
* (1in=72.27pt=25.4mm, 1cm=28.453pt)


("C:\Users\leo\AppData\Local\Programs\MiKTeX 2.9\tex/context/base/mkii\supp-pdf
.mkii"
[Loading MPS to PDF converter (version 2006.09.02).]
\scratchcounter=\count326
\scratchdimen=\dimen195
\scratchbox=\box70
\nofMPsegments=\count327
\nofMParguments=\count328
\everyMPshowfont=\toks35
\MPscratchCnt=\count329
\MPscratchDim=\dimen196
\MPnumerator=\count330
\makeMPintoPDFobject=\count331
\everyMPtoPDFconversion=\toks36
)
("C:\Users\leo\AppData\Local\Programs\MiKTeX 2.9\tex/latex/oberdiek\epstopdf-ba
se.sty"
Package: epstopdf-base 2016/05/15 v2.6 Base part for package epstopdf

("C:\Users\leo\AppData\Local\Programs\MiKTeX 2.9\tex/latex/oberdiek\grfext.sty"
Package: grfext 2016/05/16 v1.2 Manage graphics extensions (HO)
)
Package epstopdf-base Info: Redefining graphics rule for `.eps' on input line 4
38.
Package grfext Info: Graphics extension search list:
(grfext)             [.pdf,.png,.jpg,.mps,.jpeg,.jbig2,.jb2,.PDF,.PNG,.JPG,.JPE
G,.JBIG2,.JB2,.eps]
(grfext)             \AppendGraphicsExtensions on input line 456.
)
Package caption Info: Begin \AtBeginDocument code.
Package caption Info: hyperref package is loaded.
Package caption Info: rotating package is loaded.
Package caption Info: threeparttable package is loaded.
Package caption Info: End \AtBeginDocument code.

("C:\Users\leo\AppData\Local\Programs\MiKTeX 2.9\tex/latex/translator\translato
r-basic-dictionary-English.dict"
Dictionary: translator-basic-dictionary, Language: English 
)
("C:\Users\leo\AppData\Local\Programs\MiKTeX 2.9\tex/latex/siunitx\siunitx-abbr
eviations.cfg"
File: siunitx-abbreviations.cfg 2017/11/26 v2.7k siunitx: Abbreviated units
)
\AtBeginShipoutBox=\box71

("C:\Users\leo\AppData\Local\Programs\MiKTeX 2.9\tex/latex/graphics\color.sty"
Package: color 2016/07/10 v1.1e Standard LaTeX Color (DPC)

("C:\Users\leo\AppData\Local\Programs\MiKTeX 2.9\tex/latex/graphics-cfg\color.c
fg"
File: color.cfg 2016/01/02 v1.6 sample color configuration
)
Package color Info: Driver file: pdftex.def on input line 147.
)
Package hyperref Info: Link coloring ON on input line 138.

("C:\Users\leo\AppData\Local\Programs\MiKTeX 2.9\tex/latex/hyperref\nameref.sty
"
Package: nameref 2019/09/16 v2.46 Cross-referencing by name of section

("C:\Users\leo\AppData\Local\Programs\MiKTeX 2.9\tex/generic/oberdiek\gettitles
tring.sty"
Package: gettitlestring 2016/05/16 v1.5 Cleanup title references (HO)
)
\c@section@level=\count332
)
LaTeX Info: Redefining \ref on input line 138.
LaTeX Info: Redefining \pageref on input line 138.
LaTeX Info: Redefining \nameref on input line 138.
 (Liu_Chuanxing_Thesis.out) (Liu_Chuanxing_Thesis.out)
\@outlinefile=\write3
\openout3 = `Liu_Chuanxing_Thesis.out'.

Package hyperref Info: Option `CJKbookmarks' set `false' on input line 138.
LaTeX Font Info:    Trying to load font information for U+msa on input line 138
.

("C:\Users\leo\AppData\Local\Programs\MiKTeX 2.9\tex/latex/amsfonts\umsa.fd"
File: umsa.fd 2013/01/14 v3.01 AMS symbols A
)
LaTeX Font Info:    Trying to load font information for U+msb on input line 138
.

("C:\Users\leo\AppData\Local\Programs\MiKTeX 2.9\tex/latex/amsfonts\umsb.fd"
File: umsb.fd 2013/01/14 v3.01 AMS symbols B
)
LaTeX Font Info:    Trying to load font information for C19+rm on input line 17
4.

("C:\Users\leo\AppData\Local\Programs\MiKTeX 2.9\tex/latex/ctex/fd\c19rm.fd"
File: c19rm.fd 2019/05/29 v2.4.16 Chinese font definition (CTEX)
)<<c1951.cmap>><<c1949.cmap>> (Liu_Chuanxing_Thesis.toc<<c1940.cmap>><<c1961.cm
ap>><<c1963.cmap>><<c1960.cmap>><<c1946.cmap>><<c1943.cmap>><<c1959.cmap>><<c19
65.cmap>><<c1947.cmap>><<c1957.cmap>><<c1944.cmap>><<c1962.cmap>><<c1937.cmap>>
<<c1958.cmap>><<c1964.cmap>><<c1954.cmap>><<c1941.cmap>><<c1955.cmap>><<c1938.c
map>><<c1936.cmap>><<c1956.cmap>><<c1926.cmap>>
Package CJKpunct Info: use punctuation spaces for family 'rm' with punctstyle (
quanjiao) on input line 10.
<<c1945.cmap>><<c1948.cmap>><<c1953.cmap>><<c1942.cmap>>)
\tf@toc=\write4
\openout4 = `Liu_Chuanxing_Thesis.toc'.


("C:\Users\leo\AppData\Local\Programs\MiKTeX 2.9\tex/generic/ctex\zhwindowsfont
s.tex"
File: zhwindowsfonts.tex 2019/05/29 v2.4.16 Windows font map loader for pdfTeX 
and DVIPDFMx (CTEX)
) [1


]<<c1950.cmap>><<c1925.cmap>><<c1952.cmap>><<c1939.cmap>>
LaTeX Font Info:    Trying to load font information for C19+zhhei on input line
 183.

("C:\Users\leo\AppData\Local\Programs\MiKTeX 2.9\tex/latex/zhmetrics\c19zhhei.f
d"
File: c19zhhei.fd 2009/09/23 4.8.2
) [2

] [3]
第一章
Package epstopdf Info: Source file: <CellImmune.eps>
(epstopdf)                    date: 2020-02-10 20:55:42
(epstopdf)                    size: 2969166 bytes
(epstopdf)             Output file: <CellImmune-eps-converted-to.pdf>
(epstopdf)                    date: 2020-02-10 20:55:42
(epstopdf)                    size: 42870 bytes
(epstopdf)             Command: <epstopdf --outfile=CellImmune-eps-converted-to
.pdf CellImmune.eps>
(epstopdf)             \includegraphics on input line 212.
Package epstopdf Info: Output file is already uptodate.


pdfTeX warning: pdflatex (file ./CellImmune-eps-converted-to.pdf): PDF inclusio
n: found PDF version <1.7>, but at most version <1.5> allowed
<CellImmune-eps-converted-to.pdf, id=221, 794.97pt x 614.295pt>
File: CellImmune-eps-converted-to.pdf Graphic file (type pdf)
<use CellImmune-eps-converted-to.pdf>
Package pdftex.def Info: CellImmune-eps-converted-to.pdf  used on input line 21
2.
(pdftex.def)             Requested size: 238.49284pt x 184.28992pt.
Package epstopdf Info: Source file: <SerumImmune.eps>
(epstopdf)                    date: 2020-02-10 20:55:42
(epstopdf)                    size: 2342642 bytes
(epstopdf)             Output file: <SerumImmune-eps-converted-to.pdf>
(epstopdf)                    date: 2020-02-10 20:55:42
(epstopdf)                    size: 42415 bytes
(epstopdf)             Command: <epstopdf --outfile=SerumImmune-eps-converted-t
o.pdf SerumImmune.eps>
(epstopdf)             \includegraphics on input line 220.
Package epstopdf Info: Output file is already uptodate.


pdfTeX warning: pdflatex (file ./SerumImmune-eps-converted-to.pdf): PDF inclusi
on: found PDF version <1.7>, but at most version <1.5> allowed
<SerumImmune-eps-converted-to.pdf, id=223, 794.97pt x 614.295pt>
File: SerumImmune-eps-converted-to.pdf Graphic file (type pdf)
<use SerumImmune-eps-converted-to.pdf>
Package pdftex.def Info: SerumImmune-eps-converted-to.pdf  used on input line 2
20.
(pdftex.def)             Requested size: 238.49284pt x 184.28992pt.
[1

 <./CellImmune-eps-converted-to.pdf>]
Package epstopdf Info: Source file: <AntibodySchematic.eps>
(epstopdf)                    date: 2020-02-10 20:55:42
(epstopdf)                    size: 2196234 bytes
(epstopdf)             Output file: <AntibodySchematic-eps-converted-to.pdf>
(epstopdf)                    date: 2020-02-10 20:55:42
(epstopdf)                    size: 25871 bytes
(epstopdf)             Command: <epstopdf --outfile=AntibodySchematic-eps-conve
rted-to.pdf AntibodySchematic.eps>
(epstopdf)             \includegraphics on input line 228.
Package epstopdf Info: Output file is already uptodate.


pdfTeX warning: pdflatex (file ./AntibodySchematic-eps-converted-to.pdf): PDF i
nclusion: found PDF version <1.7>, but at most version <1.5> allowed
<AntibodySchematic-eps-converted-to.pdf, id=246, 794.97pt x 614.295pt>
File: AntibodySchematic-eps-converted-to.pdf Graphic file (type pdf)
<use AntibodySchematic-eps-converted-to.pdf>
Package pdftex.def Info: AntibodySchematic-eps-converted-to.pdf  used on input 
line 228.
(pdftex.def)             Requested size: 238.49284pt x 184.28992pt.

Overfull \hbox (2.08565pt too wide) in paragraph at lines 225--231
[]\C19/rm/m/n/12.045/54 < \C19/rm/m/n/12.045/48 a \C19/rm/m/n/12.045/40  \C19/
rm/m/n/12.045/47 | \C19/rm/m/n/12.045/57 N \C19/rm/m/n/12.045/46 ( \C19/rm/m/n/
12.045/43  \C19/rm/m/n/12.045/55  \C19/rm/m/n/12.045/61  \C19/rm/m/n/12.045/
42  \C19/rm/m/n/12.045/41  \C19/rm/m/n/12.045/46  \C19/rm/m/n/12.045/57 N|\C
19/rm/m/n/12.045/26 | \C19/rm/m/n/12.045/62 d \C19/rm/m/n/12.045/48  \C19/rm/
m/n/12.045/57 ^ \C19/rm/m/n/12.045/64  \C19/rm/m/n/12.045/48 \OT1/cmr/m/n/12.
045 (heavy chain)\C19/rm/m/n/12.045/43  \C19/rm/m/n/12.045/48  \C19/rm/m/n/12
.045/57 ^ \C19/rm/m/n/12.045/53  \C19/rm/m/n/12.045/48 \OT1/cmr/m/n/12.045 (l
ight chain)\C19/rm/m/n/12.045/65 |
 []

[2 <./SerumImmune-eps-converted-to.pdf> <./AntibodySchematic-eps-converted-to.p
df>]
<Vaccine.png, id=281, 798.985pt x 389.455pt>
File: Vaccine.png Graphic file (type png)
<use Vaccine.png>
Package pdftex.def Info: Vaccine.png  used on input line 238.
(pdftex.def)             Requested size: 319.58833pt x 155.77924pt.

Overfull \hbox (4.78311pt too wide) in paragraph at lines 244--245
\C19/rm/m/n/12.045/38  \C19/rm/m/n/12.045/60 # \C19/rm/m/n/12.045/40  \C19/rm
/m/n/12.045/61  \C19/rm/m/n/12.045/58 |\C19/rm/m/n/12.045/25 "| \C19/rm/m/n/1
2.045/40 \OT1/cmr/m/n/12.045 2020\C19/rm/m/n/12.045/51 c\OT1/cmr/m/n/12.045 2\
C19/rm/m/n/12.045/63  \C19/rm/m/n/12.045/38 |\C19/rm/m/n/12.045/26 | \C19/rm
/m/n/12.045/61  \C19/rm/m/n/12.045/46  \C19/rm/m/n/12.045/37  \OT1/cmr/m/n/1
2.045 FDA(Food and Drug Ad-min-is-tra-tion) \C19/rm/m/n/12.045/43  \OT1/cmr/m/
n/12.045 EMA(Eu-
 []

[3 <./Vaccine.png>]
Package epstopdf Info: Source file: <MonoclonalAntibody.eps>
(epstopdf)                    date: 2020-02-17 17:09:48
(epstopdf)                    size: 2927002 bytes
(epstopdf)             Output file: <MonoclonalAntibody-eps-converted-to.pdf>
(epstopdf)                    date: 2020-02-17 17:16:11
(epstopdf)                    size: 51073 bytes
(epstopdf)             Command: <epstopdf --outfile=MonoclonalAntibody-eps-conv
erted-to.pdf MonoclonalAntibody.eps>
(epstopdf)             \includegraphics on input line 249.
Package epstopdf Info: Output file is already uptodate.


pdfTeX warning: pdflatex (file ./MonoclonalAntibody-eps-converted-to.pdf): PDF 
inclusion: found PDF version <1.7>, but at most version <1.5> allowed
<MonoclonalAntibody-eps-converted-to.pdf, id=298, 794.97pt x 614.295pt>
File: MonoclonalAntibody-eps-converted-to.pdf Graphic file (type pdf)
<use MonoclonalAntibody-eps-converted-to.pdf>
Package pdftex.def Info: MonoclonalAntibody-eps-converted-to.pdf  used on input
 line 249.
(pdftex.def)             Requested size: 397.48402pt x 307.14674pt.
[4 <./MonoclonalAntibody-eps-converted-to.pdf>]<<c1980.cmap>>
<ConformationalEpitope.png, id=346, 1213.53375pt x 553.06625pt>
File: ConformationalEpitope.png Graphic file (type png)
<use ConformationalEpitope.png>
Package pdftex.def Info: ConformationalEpitope.png  used on input line 263.
(pdftex.def)             Requested size: 364.06294pt x 165.92114pt.
 [5] [6 <./ConformationalEpitope.png>]
Overfull \hbox (12.38445pt too wide) in paragraph at lines 288--289
[]\C19/rm/m/n/12.045/45 O \C19/rm/m/n/12.045/56  \C19/rm/m/n/12.045/39 D \C19/
rm/m/n/12.045/57  \C19/rm/m/n/12.045/62  \C19/rm/m/n/12.045/37  \C19/rm/m/n/
12.045/47 | \C19/rm/m/n/12.045/63  \C19/rm/m/n/12.045/37 L \C19/rm/m/n/12.045/
58  \C19/rm/m/n/12.045/64  \C19/rm/m/n/12.045/36 R \C19/rm/m/n/12.045/44  \C
19/rm/m/n/12.045/56  $\OML/cmm/m/it/12.045 x$ \C19/rm/m/n/12.045/47 | \C19/rm/
m/n/12.045/57 N A \C19/rm/m/n/12.045/61  \C19/rm/m/n/12.045/40  \C19/rm/m/n/1
2.045/47 | \C19/rm/m/n/12.045/63  \C19/rm/m/n/12.045/37 L \C19/rm/m/n/12.045/5
8  \C19/rm/m/n/12.045/53  \C19/rm/m/n/12.045/59 \OT1/cmr/m/n/12.045 ASEP(ant
ibody-specific
 []

[7]
Overfull \hbox (15.4269pt too wide) in paragraph at lines 305--307
\C19/rm/m/n/12.045/52  \C19/rm/m/n/12.045/64  $\OML/cmm/m/it/12.045 f[]\OT1/c
mr/m/n/12.045 (\OML/cmm/m/it/12.045 C[]; C[]\OT1/cmr/m/n/12.045 )$ \C19/rm/m/n/
12.045/55  \C19/rm/m/n/12.045/59  \C19/rm/m/n/12.045/44 p \C19/rm/m/n/12.045/
65  \C19/rm/m/n/12.045/62 ^ \C19/rm/m/n/12.045/40  \C19/rm/m/n/12.045/36 R \C
19/rm/m/n/12.045/44  \C19/rm/m/n/12.045/56  \C19/rm/m/n/12.045/40  $\OT1/cmr
/m/n/12.045 (\OML/cmm/m/it/12.045 x; y\OT1/cmr/m/n/12.045 ) \OMS/cmsy/m/n/12.04
5 2 \OML/cmm/m/it/12.045 C[] \OMS/cmsy/m/n/12.045  \OML/cmm/m/it/12.045 C[]$ \
C19/rm/m/n/12.045/40  \C19/rm/m/n/12.045/52  \C19/rm/m/n/12.045/49 |\C19/rm/
m/n/12.045/25 "| \C19/rm/m/n/12.045/48 a \C19/rm/m/n/12.045/56 q|\C19/rm/m/n/12
.045/26 |  $\OML/cmm/m/it/12.045 f[]\OT1/cmr/m/n/12.045 (\OML/cmm/m/it/12.045 
C[]; C[]\OT1/cmr/m/n/12.045 )$
 []

[8] [9]
Overfull \hbox (3.9444pt too wide) in paragraph at lines 344--345
[]\OT1/cmr/m/n/12.045 Inbal Sela-Culang \C19/rm/m/n/12.045/40  \C19/rm/m/n/12.
045/47 m \C19/rm/m/n/12.045/41 u \C19/rm/m/n/12.045/49 
 \C19/rm/m/n/12.045/44  \C19/rm/m/n/12.045/62 u \C19/rm/m/n/12.045/42  \C19/r
m/m/n/12.045/40  \C19/rm/m/n/12.045/47 | \C19/rm/m/n/12.045/57 N \C19/rm/m/n/1
2.045/60 S \C19/rm/m/n/12.045/49  \C19/rm/m/n/12.045/40  \C19/rm/m/n/12.045/4
7 | \C19/rm/m/n/12.045/63  \C19/rm/m/n/12.045/37 L \C19/rm/m/n/12.045/58  \C1
9/rm/m/n/12.045/40  \C19/rm/m/n/12.045/62  \C19/rm/m/n/12.045/37  \C19/rm/m/
n/12.045/41  {|\C19/rm/m/n/12.045/26 | \OT1/cmr/m/n/12.045 PEASE[[]]|\C19/rm/
m/n/12.045/25 "|
 []

[10] [11] [12]
Overfull \hbox (40.20349pt too wide) in paragraph at lines 384--385
[]\OT1/cmr/bx/n/12.045 RBFN(\C19/rm/bx/n/12.045/46  \C19/rm/bx/n/12.045/59  \
C19/rm/bx/n/12.045/44  \C19/rm/bx/n/12.045/43  \C19/rm/bx/n/12.045/55  \C19/
rm/bx/n/12.045/58  \C19/rm/bx/n/12.045/49 \OT1/cmr/bx/n/12.045 ) \C19/rm/bx/n
/12.045/51  \C19/rm/bx/n/12.045/60 . \C19/rm/bx/n/12.045/40  \C19/rm/bx/n/12.
045/43  \C19/rm/bx/n/12.045/45 |\C19/rm/m/n/12.045/25 "| \C19/rm/m/n/12.045/3
7  \C19/rm/m/n/12.045/49  \C19/rm/m/n/12.045/58  \C19/rm/m/n/12.045/55  \C1
9/rm/m/n/12.045/59 k \C19/rm/m/n/12.045/57  \C19/rm/m/n/12.045/43 L \C19/rm/m/
n/12.045/36 R \C19/rm/m/n/12.045/44  \C19/rm/m/n/12.045/56  \C19/rm/m/n/12.04
5/57 O \C19/rm/m/n/12.045/44  \C19/rm/m/n/12.045/46  \C19/rm/m/n/12.045/64 
\OT1/cmr/m/n/12.045 (BLOSUM62),\C19/rm/m/n/12.045/40 
 []

[13]
第二章
Package epstopdf Info: Source file: <DataExtraction.eps>
(epstopdf)                    date: 2020-02-17 12:14:28
(epstopdf)                    size: 1896482 bytes
(epstopdf)             Output file: <DataExtraction-eps-converted-to.pdf>
(epstopdf)                    date: 2020-02-17 17:18:18
(epstopdf)                    size: 19326 bytes
(epstopdf)             Command: <epstopdf --outfile=DataExtraction-eps-converte
d-to.pdf DataExtraction.eps>
(epstopdf)             \includegraphics on input line 397.
Package epstopdf Info: Output file is already uptodate.


pdfTeX warning: pdflatex (file ./DataExtraction-eps-converted-to.pdf): PDF incl
usion: found PDF version <1.7>, but at most version <1.5> allowed
<DataExtraction-eps-converted-to.pdf, id=499, 719.68875pt x 82.3075pt>
File: DataExtraction-eps-converted-to.pdf Graphic file (type pdf)
<use DataExtraction-eps-converted-to.pdf>
Package pdftex.def Info: DataExtraction-eps-converted-to.pdf  used on input lin
e 397.
(pdftex.def)             Requested size: 359.84349pt x 41.15364pt.

Overfull \hbox (4.04918pt too wide) in paragraph at lines 402--403
[]\C19/rm/bx/n/12.045/47 | \C19/rm/bx/n/12.045/63  \C19/rm/bx/n/12.045/47 | \C
19/rm/bx/n/12.045/57 N \C19/rm/bx/n/12.045/42 E \C19/rm/bx/n/12.045/43  \C19/r
m/bx/n/12.045/58  \C19/rm/bx/n/12.045/40  \C19/rm/bx/n/12.045/60  \C19/rm/bx
/n/12.045/54 |\C19/rm/m/n/12.045/25 "| \C19/rm/m/n/12.045/47 | \C19/rm/m/n/12.
045/63  \C19/rm/m/n/12.045/47 | \C19/rm/m/n/12.045/57 N \C19/rm/m/n/12.045/41 
 \C19/rm/m/n/12.045/43  \C19/rm/m/n/12.045/58  \C19/rm/m/n/12.045/57  \C19/
rm/m/n/12.045/43 L \C19/rm/m/n/12.045/62 d \OT1/cmr/m/n/12.045 Ox-ford Pro-tein
 In-for-mat-ics Group
 []


Overfull \hbox (2.24397pt too wide) in paragraph at lines 402--403
\C19/rm/m/n/12.045/58  \C19/rm/m/n/12.045/44 o \C19/rm/m/n/12.045/40  \C19/rm
/m/n/12.045/58  \C19/rm/m/n/12.045/63  \C19/rm/m/n/12.045/59 e \C19/rm/m/n/12
.045/63 1\OT1/cmr/m/n/12.045 [[]]|\C19/rm/m/n/12.045/25 "| \C19/rm/m/n/12.045/5
9 e \C19/rm/m/n/12.045/63 1 \C19/rm/m/n/12.045/55  \C19/rm/m/n/12.045/43  \C1
9/rm/m/n/12.045/55  \C19/rm/m/n/12.045/40  \C19/rm/m/n/12.045/42 E \C19/rm/m/
n/12.045/43  \C19/rm/m/n/12.045/58  \C19/rm/m/n/12.045/40  \C19/rm/m/n/12.04
5/41  \C19/rm/m/n/12.045/37 E \C19/rm/m/n/12.045/49  \C19/rm/m/n/12.045/37  
\C19/rm/m/n/12.045/60  \C19/rm/m/n/12.045/62 u\OT1/cmr/m/n/12.045 3[] \C19/rm/
m/n/12.045/37  \C19/rm/m/n/12.045/53  \C19/rm/m/n/12.045/47 | \C19/rm/m/n/12.
045/63  \C19/rm/m/n/12.045/37  \C19/rm/m/n/12.045/60  \C19/rm/m/n/12.045/62 
u\OT1/cmr/m/n/12.045 5\C19/rm/m/n/12.045/42 
 []

[14

 <./DataExtraction-eps-converted-to.pdf>] [15]
Package epstopdf Info: Source file: <ElbowMethod.eps>
(epstopdf)                    date: 2020-02-18 06:40:04
(epstopdf)                    size: 2489066 bytes
(epstopdf)             Output file: <ElbowMethod-eps-converted-to.pdf>
(epstopdf)                    date: 2020-02-18 06:47:25
(epstopdf)                    size: 76562 bytes
(epstopdf)             Command: <epstopdf --outfile=ElbowMethod-eps-converted-t
o.pdf ElbowMethod.eps>
(epstopdf)             \includegraphics on input line 465.
Package epstopdf Info: Output file is already uptodate.


pdfTeX warning: pdflatex (file ./ElbowMethod-eps-converted-to.pdf): PDF inclusi
on: found PDF version <1.7>, but at most version <1.5> allowed
<ElbowMethod-eps-converted-to.pdf, id=540, 794.97pt x 614.295pt>
File: ElbowMethod-eps-converted-to.pdf Graphic file (type pdf)
<use ElbowMethod-eps-converted-to.pdf>
Package pdftex.def Info: ElbowMethod-eps-converted-to.pdf  used on input line 4
65.
(pdftex.def)             Requested size: 317.98236pt x 245.71364pt.
[16 <./ElbowMethod-eps-converted-to.pdf>]
Package hyperref Info: bookmark level for unknown algorithm defaults to 0 on in
put line 509.

Overfull \hbox (3.19777pt too wide) in paragraph at lines 504--525
[]$
 []

[17]
Overfull \hbox (26.01285pt too wide) in paragraph at lines 526--527
\OML/cmm/m/it/12.045 CN\OT1/cmr/m/n/12.045 (\OML/cmm/m/it/12.045 a[]; b[]\OT1/c
mr/m/n/12.045 ) \OML/cmm/m/it/12.045 < CN\OT1/cmr/m/n/12.045 (\OML/cmm/m/it/12.
045 a[]; b[]\OT1/cmr/m/n/12.045 ) + \OML/cmm/m/it/12.045 CN\OT1/cmr/m/n/12.045 
(\OML/cmm/m/it/12.045 a[]; b[]\OT1/cmr/m/n/12.045 )$|\C19/rm/m/n/12.045/26 | \
C19/rm/m/n/12.045/51 @ \C19/rm/m/n/12.045/50 o \C19/rm/m/n/12.045/65  \C19/rm/
m/n/12.045/64  \C19/rm/m/n/12.045/40  \C19/rm/m/n/12.045/36 R \C19/rm/m/n/12.
045/44  \C19/rm/m/n/12.045/56  \C19/rm/m/n/12.045/40  \C19/rm/m/n/12.045/61 
 \C19/rm/m/n/12.045/60  \C19/rm/m/n/12.045/38  $\OT1/cmr/m/n/12.045 ([\OML/c
mm/m/it/12.045 a[]; a[]; a[]\OT1/cmr/m/n/12.045 ]\OML/cmm/m/it/12.045 ; \OT1/cm
r/m/n/12.045 [\OML/cmm/m/it/12.045 b[]; b[]\OT1/cmr/m/n/12.045 ])$|\C19/rm/m/n/
12.045/26 |
 []

[18]
Overfull \vbox (6.43947pt too high) detected at line 575
 []

Package epstopdf Info: Source file: <Core_districution_over_Match_type.eps>
(epstopdf)                    date: 2020-02-20 10:48:03
(epstopdf)                    size: 42581 bytes
(epstopdf)             Output file: <Core_districution_over_Match_type-eps-conv
erted-to.pdf>
(epstopdf)                    date: 2020-03-04 16:28:01
(epstopdf)                    size: 16521 bytes
(epstopdf)             Command: <epstopdf --outfile=Core_districution_over_Matc
h_type-eps-converted-to.pdf Core_districution_over_Match_type.eps>
(epstopdf)             \includegraphics on input line 593.
Package epstopdf Info: Output file is already uptodate.


pdfTeX warning: pdflatex (file ./Core_districution_over_Match_type-eps-converte
d-to.pdf): PDF inclusion: found PDF version <1.7>, but at most version <1.5> al
lowed
<Core_districution_over_Match_type-eps-converted-to.pdf, id=582, 722.7pt x 433.
62pt>
File: Core_districution_over_Match_type-eps-converted-to.pdf Graphic file (type
 pdf)
<use Core_districution_over_Match_type-eps-converted-to.pdf>
Package pdftex.def Info: Core_districution_over_Match_type-eps-converted-to.pdf
  used on input line 593.
(pdftex.def)             Requested size: 202.35461pt x 121.41277pt.
[19 <./Core_districution_over_Match_type-eps-converted-to.pdf>] [20]
Package epstopdf Info: Source file: <aa_distribution_overall.eps>
(epstopdf)                    date: 2019-11-13 14:48:20
(epstopdf)                    size: 35519 bytes
(epstopdf)             Output file: <aa_distribution_overall-eps-converted-to.p
df>
(epstopdf)                    date: 2020-02-18 16:59:42
(epstopdf)                    size: 17048 bytes
(epstopdf)             Command: <epstopdf --outfile=aa_distribution_overall-eps
-converted-to.pdf aa_distribution_overall.eps>
(epstopdf)             \includegraphics on input line 641.
Package epstopdf Info: Output file is already uptodate.


pdfTeX warning: pdflatex (file ./aa_distribution_overall-eps-converted-to.pdf):
 PDF inclusion: found PDF version <1.7>, but at most version <1.5> allowed
<aa_distribution_overall-eps-converted-to.pdf, id=635, 1084.05pt x 433.62pt>
File: aa_distribution_overall-eps-converted-to.pdf Graphic file (type pdf)
<use aa_distribution_overall-eps-converted-to.pdf>
Package pdftex.def Info: aa_distribution_overall-eps-converted-to.pdf  used on 
input line 641.
(pdftex.def)             Requested size: 433.61232pt x 173.44492pt.
<<c1986.cmap>> [21 <./aa_distribution_overall-eps-converted-to.pdf>] [22]
[23]
Overfull \hbox (98.2778pt too wide) in paragraph at lines 746--761
 [] 
 []

Package epstopdf Info: Source file: <The_Middle_aa.eps>
(epstopdf)                    date: 2020-02-19 12:40:10
(epstopdf)                    size: 41825 bytes
(epstopdf)             Output file: <The_Middle_aa-eps-converted-to.pdf>
(epstopdf)                    date: 2020-02-19 12:41:32
(epstopdf)                    size: 18305 bytes
(epstopdf)             Command: <epstopdf --outfile=The_Middle_aa-eps-converted
-to.pdf The_Middle_aa.eps>
(epstopdf)             \includegraphics on input line 765.
Package epstopdf Info: Output file is already uptodate.


pdfTeX warning: pdflatex (file ./The_Middle_aa-eps-converted-to.pdf): PDF inclu
sion: found PDF version <1.7>, but at most version <1.5> allowed
<The_Middle_aa-eps-converted-to.pdf, id=735, 1084.05pt x 433.62pt>
File: The_Middle_aa-eps-converted-to.pdf Graphic file (type pdf)
<use The_Middle_aa-eps-converted-to.pdf>
Package pdftex.def Info: The_Middle_aa-eps-converted-to.pdf  used on input line
 765.
(pdftex.def)             Requested size: 433.61232pt x 173.44492pt.
[24 <./The_Middle_aa-eps-converted-to.pdf>]
第三章
[25

] [26]
Package epstopdf Info: Source file: <Coverage_Center.eps>
(epstopdf)                    date: 2020-02-20 10:29:24
(epstopdf)                    size: 2155630 bytes
(epstopdf)             Output file: <Coverage_Center-eps-converted-to.pdf>
(epstopdf)                    date: 2020-02-20 10:35:36
(epstopdf)                    size: 24680 bytes
(epstopdf)             Command: <epstopdf --outfile=Coverage_Center-eps-convert
ed-to.pdf Coverage_Center.eps>
(epstopdf)             \includegraphics on input line 820.
Package epstopdf Info: Output file is already uptodate.


pdfTeX warning: pdflatex (file ./Coverage_Center-eps-converted-to.pdf): PDF inc
lusion: found PDF version <1.7>, but at most version <1.5> allowed
<Coverage_Center-eps-converted-to.pdf, id=818, 338.26375pt x 480.79625pt>
File: Coverage_Center-eps-converted-to.pdf Graphic file (type pdf)
<use Coverage_Center-eps-converted-to.pdf>
Package pdftex.def Info: Coverage_Center-eps-converted-to.pdf  used on input li
ne 820.
(pdftex.def)             Requested size: 169.13145pt x 240.39752pt.
[27 <./Coverage_Center-eps-converted-to.pdf>]
Overfull \hbox (3.66441pt too wide) in paragraph at lines 855--856
\C19/rm/m/n/12.045/59 z\OT1/cmr/m/n/12.045 [[]] \C19/rm/m/n/12.045/40  \C19/rm
/m/n/12.045/41  {|\C19/rm/m/n/12.045/25 "| \C19/rm/m/n/12.045/37  \C19/rm/m/n
/12.045/49  \C19/rm/m/n/12.045/58  \C19/rm/m/n/12.045/37  \C19/rm/m/n/12.045
/62 ^ \OT1/cmr/m/n/12.045 Ham-ming|\C19/rm/m/n/12.045/25 !|  \OT1/cmr/m/n/12.04
5 Oc-curence Frequency[[]]|\C19/rm/m/n/12.045/25 !|  \OT1/cmr/m/n/12.045 In-ver
se Occurence[[]]
 []

Package epstopdf Info: Source file: <Hamming_BRE.eps>
(epstopdf)                    date: 2020-02-24 06:58:06
(epstopdf)                    size: 2943002 bytes
(epstopdf)             Output file: <Hamming_BRE-eps-converted-to.pdf>
(epstopdf)                    date: 2020-02-24 07:20:44
(epstopdf)                    size: 111002 bytes
(epstopdf)             Command: <epstopdf --outfile=Hamming_BRE-eps-converted-t
o.pdf Hamming_BRE.eps>
(epstopdf)             \includegraphics on input line 859.
Package epstopdf Info: Output file is already uptodate.


pdfTeX warning: pdflatex (file ./Hamming_BRE-eps-converted-to.pdf): PDF inclusi
on: found PDF version <1.7>, but at most version <1.5> allowed
<Hamming_BRE-eps-converted-to.pdf, id=854, 683.55376pt x 457.71pt>
File: Hamming_BRE-eps-converted-to.pdf Graphic file (type pdf)
<use Hamming_BRE-eps-converted-to.pdf>
Package pdftex.def Info: Hamming_BRE-eps-converted-to.pdf  used on input line 8
59.
(pdftex.def)             Requested size: 341.77605pt x 228.85445pt.
[28]
Package epstopdf Info: Source file: <Eskin_BRE.eps>
(epstopdf)                    date: 2020-02-24 06:47:10
(epstopdf)                    size: 2913954 bytes
(epstopdf)             Output file: <Eskin_BRE-eps-converted-to.pdf>
(epstopdf)                    date: 2020-02-24 07:21:52
(epstopdf)                    size: 109560 bytes
(epstopdf)             Command: <epstopdf --outfile=Eskin_BRE-eps-converted-to.
pdf Eskin_BRE.eps>
(epstopdf)             \includegraphics on input line 866.
Package epstopdf Info: Output file is already uptodate.


pdfTeX warning: pdflatex (file ./Eskin_BRE-eps-converted-to.pdf): PDF inclusion
: found PDF version <1.7>, but at most version <1.5> allowed
<Eskin_BRE-eps-converted-to.pdf, id=872, 664.4825pt x 456.70625pt>
File: Eskin_BRE-eps-converted-to.pdf Graphic file (type pdf)
<use Eskin_BRE-eps-converted-to.pdf>
Package pdftex.def Info: Eskin_BRE-eps-converted-to.pdf  used on input line 866
.
(pdftex.def)             Requested size: 332.24043pt x 228.35255pt.
Package epstopdf Info: Source file: <OF_BRE.eps>
(epstopdf)                    date: 2020-02-24 07:15:32
(epstopdf)                    size: 2925062 bytes
(epstopdf)             Output file: <OF_BRE-eps-converted-to.pdf>
(epstopdf)                    date: 2020-02-24 07:21:56
(epstopdf)                    size: 107793 bytes
(epstopdf)             Command: <epstopdf --outfile=OF_BRE-eps-converted-to.pdf
 OF_BRE.eps>
(epstopdf)             \includegraphics on input line 873.
Package epstopdf Info: Output file is already uptodate.


pdfTeX warning: pdflatex (file ./OF_BRE-eps-converted-to.pdf): PDF inclusion: f
ound PDF version <1.7>, but at most version <1.5> allowed
<OF_BRE-eps-converted-to.pdf, id=877, 682.55pt x 455.7025pt>
File: OF_BRE-eps-converted-to.pdf Graphic file (type pdf)
<use OF_BRE-eps-converted-to.pdf>
Package pdftex.def Info: OF_BRE-eps-converted-to.pdf  used on input line 873.
(pdftex.def)             Requested size: 341.27417pt x 227.85068pt.
[29 <./Hamming_BRE-eps-converted-to.pdf> <./Eskin_BRE-eps-converted-to.pdf>]
Package epstopdf Info: Source file: <IOF_BRE.eps>
(epstopdf)                    date: 2020-02-24 07:09:28
(epstopdf)                    size: 2988038 bytes
(epstopdf)             Output file: <IOF_BRE-eps-converted-to.pdf>
(epstopdf)                    date: 2020-02-24 07:21:59
(epstopdf)                    size: 118933 bytes
(epstopdf)             Command: <epstopdf --outfile=IOF_BRE-eps-converted-to.pd
f IOF_BRE.eps>
(epstopdf)             \includegraphics on input line 880.
Package epstopdf Info: Output file is already uptodate.


pdfTeX warning: pdflatex (file ./IOF_BRE-eps-converted-to.pdf): PDF inclusion: 
found PDF version <1.7>, but at most version <1.5> allowed
<IOF_BRE-eps-converted-to.pdf, id=896, 686.565pt x 456.70625pt>
File: IOF_BRE-eps-converted-to.pdf Graphic file (type pdf)
<use IOF_BRE-eps-converted-to.pdf>
Package pdftex.def Info: IOF_BRE-eps-converted-to.pdf  used on input line 880.
(pdftex.def)             Requested size: 343.28166pt x 228.35255pt.
[30 <./OF_BRE-eps-converted-to.pdf> <./IOF_BRE-eps-converted-to.pdf>] [31]
[32]
Package epstopdf Info: Source file: <Discrimination.eps>
(epstopdf)                    date: 2020-02-20 16:46:06
(epstopdf)                    size: 2993618 bytes
(epstopdf)             Output file: <Discrimination-eps-converted-to.pdf>
(epstopdf)                    date: 2020-02-20 17:10:18
(epstopdf)                    size: 108928 bytes
(epstopdf)             Command: <epstopdf --outfile=Discrimination-eps-converte
d-to.pdf Discrimination.eps>
(epstopdf)             \includegraphics on input line 952.
Package epstopdf Info: Output file is already uptodate.


pdfTeX warning: pdflatex (file ./Discrimination-eps-converted-to.pdf): PDF incl
usion: found PDF version <1.7>, but at most version <1.5> allowed
<Discrimination-eps-converted-to.pdf, id=947, 504.88625pt x 511.9125pt>
File: Discrimination-eps-converted-to.pdf Graphic file (type pdf)
<use Discrimination-eps-converted-to.pdf>
Package pdftex.def Info: Discrimination-eps-converted-to.pdf  used on input lin
e 952.
(pdftex.def)             Requested size: 403.90953pt x 409.53056pt.
[33 <./Discrimination-eps-converted-to.pdf>]<<c1967.cmap>>
Package epstopdf Info: Source file: <Integrated_Discriminate.eps>
(epstopdf)                    date: 2020-02-20 17:04:36
(epstopdf)                    size: 3546858 bytes
(epstopdf)             Output file: <Integrated_Discriminate-eps-converted-to.p
df>
(epstopdf)                    date: 2020-02-20 17:12:06
(epstopdf)                    size: 214550 bytes
(epstopdf)             Command: <epstopdf --outfile=Integrated_Discriminate-eps
-converted-to.pdf Integrated_Discriminate.eps>
(epstopdf)             \includegraphics on input line 965.
Package epstopdf Info: Output file is already uptodate.


pdfTeX warning: pdflatex (file ./Integrated_Discriminate-eps-converted-to.pdf):
 PDF inclusion: found PDF version <1.7>, but at most version <1.5> allowed
<Integrated_Discriminate-eps-converted-to.pdf, id=964, 530.98375pt x 530.98375p
t>
File: Integrated_Discriminate-eps-converted-to.pdf Graphic file (type pdf)
<use Integrated_Discriminate-eps-converted-to.pdf>
Package pdftex.def Info: Integrated_Discriminate-eps-converted-to.pdf  used on 
input line 965.
(pdftex.def)             Requested size: 424.78757pt x 424.78757pt.

Overfull \hbox (11.16801pt too wide) in paragraph at lines 961--968
\C19/rm/m/n/12.045/51  \C19/rm/m/n/12.045/60 . \C19/rm/m/n/12.045/48 5 \C19/rm
/m/n/12.045/46 ) \C19/rm/m/n/12.045/55  \C19/rm/m/n/12.045/56  \C19/rm/m/n/12
.045/62 k \OT1/cmr/m/n/12.045 match-type \C19/rm/m/n/12.045/40  \C19/rm/m/n/12
.045/51  \C19/rm/m/n/12.045/60 .|\C19/rm/m/n/12.045/26 | \C19/rm/m/n/12.045/3
7  \C19/rm/m/n/12.045/58  \C19/rm/m/n/12.045/38  \C19/rm/m/n/12.045/63  \C1
9/rm/m/n/12.045/42  \C19/rm/m/n/12.045/51  \C19/rm/m/n/12.045/60 . \C19/rm/m/
n/12.045/58  \C19/rm/m/n/12.045/64  \C19/rm/m/n/12.045/43  |\C19/rm/m/n/12.0
45/26 |\OT1/cmr/m/n/12.045 Integrated|\C19/rm/m/n/12.045/26 | \C19/rm/m/n/12.
045/51  \C19/rm/m/n/12.045/60 .|\C19/rm/m/n/12.045/25 "| \C19/rm/m/n/12.045/57
 [][]\OT1/cmr/m/n/12.045 3.7[][]\C19/rm/m/n/12.045/42 
 []

[34] [35 <./Integrated_Discriminate-eps-converted-to.pdf>]
第四章
Package epstopdf Info: Source file: <reverse.eps>
(epstopdf)                    date: 2020-02-21 10:49:58
(epstopdf)                    size: 3307574 bytes
(epstopdf)             Output file: <reverse-eps-converted-to.pdf>
(epstopdf)                    date: 2020-02-21 11:11:27
(epstopdf)                    size: 186866 bytes
(epstopdf)             Command: <epstopdf --outfile=reverse-eps-converted-to.pd
f reverse.eps>
(epstopdf)             \includegraphics on input line 1029.
Package epstopdf Info: Output file is already uptodate.


pdfTeX warning: pdflatex (file ./reverse-eps-converted-to.pdf): PDF inclusion: 
found PDF version <1.7>, but at most version <1.5> allowed
<reverse-eps-converted-to.pdf, id=983, 517.935pt x 515.9275pt>
File: reverse-eps-converted-to.pdf Graphic file (type pdf)
<use reverse-eps-converted-to.pdf>
Package pdftex.def Info: reverse-eps-converted-to.pdf  used on input line 1029.

(pdftex.def)             Requested size: 414.34854pt x 412.74255pt.

Overfull \hbox (4.55617pt too wide) in paragraph at lines 1025--1032
\C19/rm/m/n/12.045/63 3 \C19/rm/m/n/12.045/54  \C19/rm/m/n/12.045/50  \C19/rm
/m/n/12.045/40  \C19/rm/m/n/12.045/37 L \C19/rm/m/n/12.045/55  \C19/rm/m/n/12
.045/64 |\C19/rm/m/n/12.045/26 |  $[][]$ \C19/rm/m/n/12.045/43  $[][]$ \C19/
rm/m/n/12.045/41  \C19/rm/m/n/12.045/37 O \C19/rm/m/n/12.045/58  \C19/rm/m/n/
12.045/53 c \C19/rm/m/n/12.045/61  \C19/rm/m/n/12.045/63  \C19/rm/m/n/12.045/
64  \OT1/cmr/m/n/12.045 match-type(m,n) \C19/rm/m/n/12.045/43  \OT1/cmr/m/n/1
2.045 match-type(n,m)
 []

[36

]
Package epstopdf Info: Source file: <Integrated_Reverse.eps>
(epstopdf)                    date: 2020-02-21 11:05:28
(epstopdf)                    size: 3315826 bytes
(epstopdf)             Output file: <Integrated_Reverse-eps-converted-to.pdf>
(epstopdf)                    date: 2020-02-21 11:11:31
(epstopdf)                    size: 187368 bytes
(epstopdf)             Command: <epstopdf --outfile=Integrated_Reverse-eps-conv
erted-to.pdf Integrated_Reverse.eps>
(epstopdf)             \includegraphics on input line 1036.
Package epstopdf Info: Output file is already uptodate.


pdfTeX warning: pdflatex (file ./Integrated_Reverse-eps-converted-to.pdf): PDF 
inclusion: found PDF version <1.7>, but at most version <1.5> allowed
<Integrated_Reverse-eps-converted-to.pdf, id=992, 519.9425pt x 520.94624pt>
File: Integrated_Reverse-eps-converted-to.pdf Graphic file (type pdf)
<use Integrated_Reverse-eps-converted-to.pdf>
Package pdftex.def Info: Integrated_Reverse-eps-converted-to.pdf  used on input
 line 1036.
(pdftex.def)             Requested size: 415.95457pt x 416.75757pt.
[37 <./reverse-eps-converted-to.pdf>] [38 <./Integrated_Reverse-eps-converted-t
o.pdf>]
<Commutative.pdf, id=1020, 794.97pt x 401.5pt>
File: Commutative.pdf Graphic file (type pdf)
<use Commutative.pdf>
Package pdftex.def Info: Commutative.pdf  used on input line 1070.
(pdftex.def)             Requested size: 397.48402pt x 200.7495pt.
<Commutative_Explanation.pdf, id=1022, 545.03625pt x 382.42876pt>
File: Commutative_Explanation.pdf Graphic file (type pdf)
<use Commutative_Explanation.pdf>
Package pdftex.def Info: Commutative_Explanation.pdf  used on input line 1079.
(pdftex.def)             Requested size: 272.51746pt x 191.2139pt.
 [39 <./Commutative.pdf>]<<c1974.cmap>> [40 <./Commutative_Explanation.pdf>] [4
1]
Package epstopdf Info: Source file: <ContactingPairs.eps>
(epstopdf)                    date: 2020-02-23 15:37:06
(epstopdf)                    size: 2674126 bytes
(epstopdf)             Output file: <ContactingPairs-eps-converted-to.pdf>
(epstopdf)                    date: 2020-02-23 15:44:28
(epstopdf)                    size: 17764 bytes
(epstopdf)             Command: <epstopdf --outfile=ContactingPairs-eps-convert
ed-to.pdf ContactingPairs.eps>
(epstopdf)             \includegraphics on input line 1108.
Package epstopdf Info: Output file is already uptodate.


pdfTeX warning: pdflatex (file ./ContactingPairs-eps-converted-to.pdf): PDF inc
lusion: found PDF version <1.7>, but at most version <1.5> allowed
<ContactingPairs-eps-converted-to.pdf, id=1099, 862.22125pt x 517.935pt>
File: ContactingPairs-eps-converted-to.pdf Graphic file (type pdf)
<use ContactingPairs-eps-converted-to.pdf>
Package pdftex.def Info: ContactingPairs-eps-converted-to.pdf  used on input li
ne 1108.
(pdftex.def)             Requested size: 258.66837pt x 155.38168pt.
[42 <./ContactingPairs-eps-converted-to.pdf>]
Package epstopdf Info: Source file: <Predictable.eps>
(epstopdf)                    date: 2019-12-01 20:35:54
(epstopdf)                    size: 1975166 bytes
(epstopdf)             Output file: <Predictable-eps-converted-to.pdf>
(epstopdf)                    date: 2020-02-23 11:26:42
(epstopdf)                    size: 20851 bytes
(epstopdf)             Command: <epstopdf --outfile=Predictable-eps-converted-t
o.pdf Predictable.eps>
(epstopdf)             \includegraphics on input line 1118.
Package epstopdf Info: Output file is already uptodate.


pdfTeX warning: pdflatex (file ./Predictable-eps-converted-to.pdf): PDF inclusi
on: found PDF version <1.7>, but at most version <1.5> allowed
<Predictable-eps-converted-to.pdf, id=1115, 391.4625pt x 206.7725pt>
File: Predictable-eps-converted-to.pdf Graphic file (type pdf)
<use Predictable-eps-converted-to.pdf>
Package pdftex.def Info: Predictable-eps-converted-to.pdf  used on input line 1
118.
(pdftex.def)             Requested size: 195.73076pt x 103.38599pt.
[43 <./Predictable-eps-converted-to.pdf>]
Overfull \hbox (3.11514pt too wide) in paragraph at lines 1143--1161
 [] 
 []


Package caption Warning: \label without proper reference on input line 1160.
See the caption package documentation for explanation.


LaTeX Warning: Reference `Affinity_Pred' on page 44 undefined on input line 116
2.

Package epstopdf Info: Source file: <Affinity_Predict.eps>
(epstopdf)                    date: 2020-02-23 18:46:44
(epstopdf)                    size: 3697134 bytes
(epstopdf)             Output file: <Affinity_Predict-eps-converted-to.pdf>
(epstopdf)                    date: 2020-02-23 18:52:03
(epstopdf)                    size: 201633 bytes
(epstopdf)             Command: <epstopdf --outfile=Affinity_Predict-eps-conver
ted-to.pdf Affinity_Predict.eps>
(epstopdf)             \includegraphics on input line 1166.
Package epstopdf Info: Output file is already uptodate.


pdfTeX warning: pdflatex (file ./Affinity_Predict-eps-converted-to.pdf): PDF in
clusion: found PDF version <1.7>, but at most version <1.5> allowed
<Affinity_Predict-eps-converted-to.pdf, id=1139, 457.71pt x 909.3975pt>
File: Affinity_Predict-eps-converted-to.pdf Graphic file (type pdf)
<use Affinity_Predict-eps-converted-to.pdf>
Package pdftex.def Info: Affinity_Predict-eps-converted-to.pdf  used on input l
ine 1166.
(pdftex.def)             Requested size: 297.50798pt x 591.10138pt.
[44] [45 <./Affinity_Predict-eps-converted-to.pdf>] [46]
第五章
[47

] [48]<<c1929.cmap>><<c1930.cmap>> [49

] [50] [51pdfTeX warning (ext4): destination with the same identifier (name{cit
e.EpiPred}) has been already used, duplicate ignored

\AtBegShi@Output ...ipout \box \AtBeginShipoutBox 
                                                  \fi \fi 
l.1509 	
        ] [52] [53]
Package atveryend Info: Empty hook `BeforeClearDocument' on input line 1617.
 [54

]
Package atveryend Info: Empty hook `AfterLastShipout' on input line 1617.
 (Liu_Chuanxing_Thesis.aux)
Package atveryend Info: Executing hook `AtVeryEndDocument' on input line 1617.
Package atveryend Info: Executing hook `AtEndAfterFileList' on input line 1617.

Package rerunfilecheck Info: File `Liu_Chuanxing_Thesis.out' has not changed.
(rerunfilecheck)             Checksum: 882B474A3AF4F3FB9164ECB4C3925ED7;2694.


LaTeX Warning: There were undefined references.


LaTeX Warning: There were multiply-defined labels.

Package atveryend Info: Empty hook `AtVeryVeryEnd' on input line 1617.
 ) 
Here is how much of TeX's memory you used:
 31481 strings out of 492453
 575642 string characters out of 3121009
 705993 words of memory out of 3000000
 34916 multiletter control sequences out of 15000+200000
 600809 words of font info for 281 fonts, out of 3000000 for 9000
 1141 hyphenation exceptions out of 8191
 45i,17n,67p,2621b,1067s stack positions out of 5000i,500n,10000p,200000b,50000s
<C:/WINDOWS/Fonts/simsun.ttc><C:/WINDOWS/Fonts/simsun.ttc><C:/WINDOWS/Fonts/s
imsun.ttc><C:/WINDOWS/Fonts/simhei.ttf><C:/WINDOWS/Fonts/simsun.ttc><C:/WINDOWS
/Fonts/simsun.ttc><C:/WINDOWS/Fonts/simhei.ttf><C:/WINDOWS/Fonts/simhei.ttf><C:
/WINDOWS/Fonts/simhei.ttf><C:/WINDOWS/Fonts/simsun.ttc><C:/WINDOWS/Fonts/simhei
.ttf><C:/WINDOWS/Fonts/simsun.ttc><C:/WINDOWS/Fonts/simsun.ttc><C:/WINDOWS/Font
s/simsun.ttc><C:/WINDOWS/Fonts/simsun.ttc><C:/WINDOWS/Fonts/simsun.ttc><C:/WIND
OWS/Fonts/simhei.ttf><C:/WINDOWS/Fonts/simhei.ttf><C:/WINDOWS/Fonts/simsun.ttc>
<C:/WINDOWS/Fonts/simsun.ttc><C:/WINDOWS/Fonts/simhei.ttf><C:/WINDOWS/Fonts/sim
hei.ttf><C:/WINDOWS/Fonts/simsun.ttc><C:/WINDOWS/Fonts/simsun.ttc><C:/WINDOWS/F
onts/simsun.ttc><C:/WINDOWS/Fonts/simhei.ttf><C:/WINDOWS/Fonts/simhei.ttf><C:/W
INDOWS/Fonts/simhei.ttf><C:/WINDOWS/Fonts/simsun.ttc><C:/WINDOWS/Fonts/simsun.t
tc><C:/WINDOWS/Fonts/simsun.ttc><C:/WINDOWS/Fonts/simsun.ttc><C:/WINDOWS/Fonts/
simsun.ttc><C:/WINDOWS/Fonts/simhei.ttf><C:/WINDOWS/Fonts/simhei.ttf><C:/WINDOW
S/Fonts/simhei.ttf><C:/WINDOWS/Fonts/simhei.ttf><C:/WINDOWS/Fonts/simhei.ttf><C
:/WINDOWS/Fonts/simhei.ttf><C:/WINDOWS/Fonts/simhei.ttf><C:/WINDOWS/Fonts/simsu
n.ttc><C:/WINDOWS/Fonts/simsun.ttc><C:/WINDOWS/Fonts/simsun.ttc><C:/WINDOWS/Fon
ts/simsun.ttc><C:/WINDOWS/Fonts/simsun.ttc><C:/WINDOWS/Fonts/simsun.ttc><C:/WIN
DOWS/Fonts/simsun.ttc><C:/WINDOWS/Fonts/simsun.ttc><C:/WINDOWS/Fonts/simsun.ttc
><C:/WINDOWS/Fonts/simsun.ttc><C:/WINDOWS/Fonts/simsun.ttc><C:/WINDOWS/Fonts/si
msun.ttc><C:/WINDOWS/Fonts/simsun.ttc><C:/WINDOWS/Fonts/simsun.ttc><C:/WINDOWS/
Fonts/simsun.ttc><C:/WINDOWS/Fonts/simsun.ttc><C:/WINDOWS/Fonts/simsun.ttc><C:/
WINDOWS/Fonts/simhei.ttf><C:/WINDOWS/Fonts/simhei.ttf><C:/WINDOWS/Fonts/simhei.
ttf><C:/WINDOWS/Fonts/simhei.ttf><C:/WINDOWS/Fonts/simhei.ttf><C:/WINDOWS/Fonts
/simhei.ttf><C:/WINDOWS/Fonts/simhei.ttf><C:/WINDOWS/Fonts/simhei.ttf><C:/WINDO
WS/Fonts/simhei.ttf><C:/WINDOWS/Fonts/simhei.ttf><C:/Users/leo/AppData/Local/Pr
ograms/MiKTeX 2.9/fonts/type1/public/amsfonts/cm/cmbx10.pfb><C:/Users/leo/AppDa
ta/Local/Programs/MiKTeX 2.9/fonts/type1/public/amsfonts/cm/cmbx12.pfb><C:/User
s/leo/AppData/Local/Programs/MiKTeX 2.9/fonts/type1/public/amsfonts/cm/cmbx9.pf
b><C:/Users/leo/AppData/Local/Programs/MiKTeX 2.9/fonts/type1/public/amsfonts/c
m/cmex10.pfb><C:/Users/leo/AppData/Local/Programs/MiKTeX 2.9/fonts/type1/public
/amsfonts/cm/cmmi10.pfb><C:/Users/leo/AppData/Local/Programs/MiKTeX 2.9/fonts/t
ype1/public/amsfonts/cm/cmmi12.pfb><C:/Users/leo/AppData/Local/Programs/MiKTeX 
2.9/fonts/type1/public/amsfonts/cm/cmmi6.pfb><C:/Users/leo/AppData/Local/Progra
ms/MiKTeX 2.9/fonts/type1/public/amsfonts/cm/cmmi8.pfb><C:/Users/leo/AppData/Lo
cal/Programs/MiKTeX 2.9/fonts/type1/public/amsfonts/cm/cmmi9.pfb><C:/Users/leo/
AppData/Local/Programs/MiKTeX 2.9/fonts/type1/public/amsfonts/cm/cmr10.pfb><C:/
Users/leo/AppData/Local/Programs/MiKTeX 2.9/fonts/type1/public/amsfonts/cm/cmr1
2.pfb><C:/Users/leo/AppData/Local/Programs/MiKTeX 2.9/fonts/type1/public/amsfon
ts/cm/cmr8.pfb><C:/Users/leo/AppData/Local/Programs/MiKTeX 2.9/fonts/type1/publ
ic/amsfonts/cm/cmr9.pfb><C:/Users/leo/AppData/Local/Programs/MiKTeX 2.9/fonts/t
ype1/public/amsfonts/cm/cmsy10.pfb><C:/Users/leo/AppData/Local/Programs/MiKTeX 
2.9/fonts/type1/public/amsfonts/cm/cmsy6.pfb><C:/Users/leo/AppData/Local/Progra
ms/MiKTeX 2.9/fonts/type1/public/amsfonts/cm/cmsy8.pfb><C:/Users/leo/AppData/Lo
cal/Programs/MiKTeX 2.9/fonts/type1/public/amsfonts/cm/cmti9.pfb><C:/Users/leo/
AppData/Local/Programs/MiKTeX 2.9/fonts/type1/public/amsfonts/cm/cmtt12.pfb><C:
/Users/leo/AppData/Local/Programs/MiKTeX 2.9/fonts/type1/public/amsfonts/cm/cmt
t9.pfb>
Output written on Liu_Chuanxing_Thesis.pdf (57 pages, 5790353 bytes).
PDF statistics:
 1543 PDF objects out of 1728 (max. 8388607)
 283 named destinations out of 1000 (max. 500000)
 454 words of extra memory for PDF output out of 10000 (max. 10000000)

